{
  "RSpec": {
    "coverage": {
      "/home/vicxu/Projects/codepraise-api-1/init.rb": [
        null,
        null,
        1,
        1,
        3,
        null
      ],
      "/home/vicxu/Projects/codepraise-api-1/lib/init.rb": [
        null,
        null,
        1,
        2,
        null
      ],
      "/home/vicxu/Projects/codepraise-api-1/lib/math_extension.rb": [
        null,
        null,
        null,
        1,
        1,
        0,
        null,
        0,
        null,
        null,
        1,
        0,
        null,
        null,
        1,
        0,
        null,
        0,
        0,
        0,
        0,
        null,
        null,
        1,
        0,
        null,
        0,
        null,
        null
      ],
      "/home/vicxu/Projects/codepraise-api-1/config/init.rb": [
        null,
        null,
        1
      ],
      "/home/vicxu/Projects/codepraise-api-1/config/environment.rb": [
        null,
        null,
        1,
        1,
        1,
        1,
        null,
        1,
        null,
        1,
        1,
        null,
        1,
        1,
        1,
        null,
        1,
        1,
        null,
        null,
        1,
        0,
        null,
        null,
        null,
        1,
        1,
        null,
        null,
        1,
        0,
        null,
        null,
        null,
        null,
        null,
        1,
        null,
        null,
        0,
        null,
        0,
        null,
        null,
        null,
        null,
        null,
        1,
        0,
        0,
        0,
        null,
        null,
        1,
        1,
        1,
        null,
        1,
        4,
        null,
        null,
        1,
        1,
        null,
        1,
        3,
        null,
        null,
        null,
        null
      ],
      "/home/vicxu/Projects/codepraise-api-1/app/init.rb": [
        null,
        null,
        1,
        1,
        4,
        null
      ],
      "/home/vicxu/Projects/codepraise-api-1/app/infrastructure/init.rb": [
        null,
        null,
        1,
        1,
        7,
        null
      ],
      "/home/vicxu/Projects/codepraise-api-1/app/infrastructure/github/init.rb": [
        null,
        null,
        1,
        2,
        null
      ],
      "/home/vicxu/Projects/codepraise-api-1/app/infrastructure/github/github_api.rb": [
        null,
        null,
        1,
        null,
        1,
        1,
        null,
        1,
        1,
        0,
        null,
        null,
        1,
        0,
        null,
        null,
        1,
        0,
        null,
        null,
        null,
        1,
        1,
        null,
        1,
        0,
        null,
        null,
        1,
        0,
        null,
        null,
        1,
        0,
        null,
        null,
        null,
        null,
        0,
        0,
        null,
        null,
        null,
        null,
        null,
        1,
        1,
        1,
        null,
        1,
        null,
        null,
        null,
        null,
        1,
        0,
        null,
        null,
        1,
        0,
        null,
        null,
        null,
        null,
        null
      ],
      "/home/vicxu/Projects/codepraise-api-1/app/infrastructure/database/init.rb": [
        null,
        null,
        1,
        1,
        2,
        null
      ],
      "/home/vicxu/Projects/codepraise-api-1/app/infrastructure/database/orms/init.rb": [
        null,
        null,
        1,
        1,
        10,
        null,
        null,
        null,
        1,
        3,
        null
      ],
      "/home/vicxu/Projects/codepraise-api-1/app/infrastructure/database/orms/member_orm.rb": [
        null,
        null,
        1,
        null,
        1,
        1,
        null,
        1,
        1,
        null,
        null,
        null,
        1,
        null,
        null,
        null,
        null,
        1,
        null,
        1,
        0,
        null,
        null,
        null,
        null
      ],
      "/home/vicxu/Projects/codepraise-api-1/app/infrastructure/database/orms/project_orm.rb": [
        null,
        null,
        1,
        null,
        1,
        1,
        null,
        1,
        1,
        null,
        null,
        1,
        null,
        null,
        null,
        null,
        1,
        null,
        1,
        0,
        null,
        null,
        null,
        null
      ],
      "/home/vicxu/Projects/codepraise-api-1/app/infrastructure/database/odms/init.rb": [
        null,
        null,
        1,
        2,
        null
      ],
      "/home/vicxu/Projects/codepraise-api-1/app/infrastructure/database/odms/appraisal_odm.rb": [
        null,
        null,
        1,
        null,
        1,
        1,
        1,
        1,
        null,
        1,
        null,
        1,
        0,
        0,
        0,
        null,
        null,
        1,
        0,
        null,
        null,
        1,
        0,
        0,
        null,
        null,
        1,
        0,
        0,
        null,
        null,
        1,
        0,
        0,
        null,
        0,
        null,
        null,
        null,
        1,
        0,
        null,
        null,
        1,
        0,
        null,
        null,
        1,
        0,
        null,
        null,
        null,
        null,
        null,
        1,
        0,
        null,
        0,
        0,
        null,
        null,
        null,
        1,
        0,
        null,
        0,
        null,
        0,
        null,
        null,
        null,
        null
      ],
      "/home/vicxu/Projects/codepraise-api-1/app/infrastructure/git/init.rb": [
        null,
        null,
        1,
        7,
        null
      ],
      "/home/vicxu/Projects/codepraise-api-1/app/infrastructure/git/commit_reporter.rb": [
        null,
        null,
        1,
        null,
        1,
        1,
        1,
        null,
        1,
        2,
        2,
        null,
        null,
        1,
        0,
        null,
        null,
        1,
        2,
        2,
        2,
        null,
        null,
        1,
        2,
        null,
        null,
        1,
        null,
        1,
        2,
        2,
        0,
        null,
        2,
        null,
        null,
        null,
        null
      ],
      "/home/vicxu/Projects/codepraise-api-1/app/infrastructure/git/blame_reporter.rb": [
        null,
        null,
        1,
        null,
        1,
        1,
        null,
        1,
        1,
        null,
        1,
        2,
        null,
        null,
        1,
        2,
        2,
        null,
        null,
        null,
        124,
        2,
        4,
        null,
        null,
        null,
        1,
        0,
        null,
        null,
        1,
        0,
        null,
        null,
        1,
        0,
        null,
        null,
        1,
        124,
        null,
        null,
        1,
        null,
        1,
        2,
        null,
        0,
        null,
        null,
        1,
        0,
        null,
        null,
        null,
        1,
        0,
        null,
        null,
        null,
        1,
        null,
        null,
        124,
        248,
        2,
        null,
        null,
        null,
        null
      ],
      "/home/vicxu/Projects/codepraise-api-1/app/infrastructure/git/local_repo.rb": [
        null,
        null,
        1,
        1,
        null,
        1,
        1,
        1,
        null,
        1,
        null,
        null,
        null,
        1,
        1,
        1,
        1,
        1,
        null,
        1,
        null,
        1,
        2,
        2,
        null,
        null,
        1,
        0,
        0,
        null,
        0,
        null,
        null,
        1,
        0,
        0,
        null,
        null,
        null,
        1,
        0,
        null,
        0,
        0,
        0,
        0,
        0,
        0,
        null,
        null,
        null,
        null,
        1,
        6,
        6,
        null,
        2,
        2,
        184,
        null,
        null,
        null,
        null,
        1,
        4,
        8,
        null,
        null,
        1,
        24,
        null,
        null,
        1,
        0,
        null,
        null,
        1,
        null,
        1,
        10,
        null,
        null,
        1,
        0,
        null,
        null,
        null,
        null
      ],
      "/home/vicxu/Projects/codepraise-api-1/app/infrastructure/git/remote_repo.rb": [
        null,
        null,
        1,
        null,
        1,
        1,
        null,
        null,
        null,
        null,
        null,
        null,
        1,
        1,
        null,
        1,
        2,
        null,
        null,
        1,
        2,
        null,
        null,
        1,
        null,
        null,
        null,
        null,
        0,
        null,
        null,
        null,
        null
      ],
      "/home/vicxu/Projects/codepraise-api-1/app/infrastructure/git/git.rb": [
        null,
        null,
        1,
        1,
        null,
        1,
        1,
        null,
        1,
        124,
        124,
        124,
        124,
        null,
        null,
        1,
        0,
        0,
        0,
        null,
        null,
        1,
        124,
        124,
        124,
        124,
        null,
        null,
        1,
        0,
        0,
        null,
        null,
        1,
        0,
        0,
        null,
        null,
        1,
        248,
        null,
        null,
        1,
        null,
        null,
        null,
        124,
        null,
        null,
        1,
        124,
        null,
        null,
        1,
        0,
        0,
        null,
        null,
        null,
        null,
        null
      ],
      "/home/vicxu/Projects/codepraise-api-1/app/infrastructure/git/repo_file.rb": [
        null,
        null,
        1,
        1,
        null,
        1,
        1,
        null,
        1,
        124,
        null,
        null,
        1,
        124,
        null,
        null,
        null,
        null,
        null,
        null
      ],
      "/home/vicxu/Projects/codepraise-api-1/app/infrastructure/cache/init.rb": [
        null,
        null,
        1,
        2,
        null
      ],
      "/home/vicxu/Projects/codepraise-api-1/app/infrastructure/cache/redis_cache.rb": [
        null,
        null,
        1,
        null,
        1,
        1,
        null,
        1,
        1,
        0,
        null,
        null,
        1,
        0,
        null,
        null,
        1,
        0,
        null,
        null,
        null,
        null
      ],
      "/home/vicxu/Projects/codepraise-api-1/app/infrastructure/messaging/init.rb": [
        null,
        null,
        1,
        2,
        null
      ],
      "/home/vicxu/Projects/codepraise-api-1/app/infrastructure/messaging/queue.rb": [
        null,
        null,
        1,
        null,
        1,
        1,
        null,
        null,
        1,
        1,
        null,
        1,
        0,
        0,
        null,
        null,
        null,
        null,
        0,
        null,
        null,
        null,
        null,
        null,
        null,
        1,
        0,
        null,
        null,
        null,
        null,
        null,
        null,
        1,
        0,
        0,
        0,
        null,
        null,
        null,
        null,
        null
      ],
      "/home/vicxu/Projects/codepraise-api-1/app/infrastructure/flog/init.rb": [
        null,
        null,
        1,
        2,
        null
      ],
      "/home/vicxu/Projects/codepraise-api-1/app/infrastructure/flog/flog.rb": [
        null,
        null,
        1,
        null,
        1,
        1,
        null,
        1,
        1,
        0,
        null,
        null,
        1,
        0,
        null,
        0,
        0,
        null,
        null,
        null,
        null,
        null,
        1,
        228,
        228,
        228,
        228,
        null,
        null,
        1,
        null,
        1,
        0,
        0,
        0,
        null,
        null,
        1,
        0,
        null,
        null,
        1,
        0,
        0,
        null,
        null,
        null,
        1,
        0,
        null,
        null,
        null,
        null
      ],
      "/home/vicxu/Projects/codepraise-api-1/app/infrastructure/rubocop/init.rb": [
        null,
        null,
        1,
        3,
        null
      ],
      "/home/vicxu/Projects/codepraise-api-1/app/infrastructure/rubocop/reporter.rb": [
        null,
        null,
        1,
        null,
        1,
        1,
        1,
        1,
        4,
        4,
        null,
        null,
        null,
        null,
        null,
        null,
        1,
        50,
        100,
        null,
        null,
        null,
        1,
        null,
        1,
        3,
        3,
        null,
        null,
        null,
        1,
        6,
        null,
        null,
        null,
        null
      ],
      "/home/vicxu/Projects/codepraise-api-1/app/infrastructure/rubocop/command.rb": [
        null,
        null,
        1,
        1,
        null,
        1,
        1,
        null,
        null,
        null,
        1,
        null,
        1,
        4,
        4,
        4,
        4,
        null,
        null,
        1,
        4,
        4,
        null,
        null,
        1,
        4,
        4,
        null,
        null,
        1,
        4,
        4,
        null,
        null,
        1,
        4,
        4,
        null,
        null,
        1,
        3,
        null,
        null,
        1,
        null,
        1,
        3,
        null,
        null,
        null,
        null
      ],
      "/home/vicxu/Projects/codepraise-api-1/app/domain/init.rb": [
        null,
        null,
        1,
        1,
        1,
        null
      ],
      "/home/vicxu/Projects/codepraise-api-1/app/domain/models/init.rb": [
        null,
        null,
        1,
        1,
        2,
        null
      ],
      "/home/vicxu/Projects/codepraise-api-1/app/domain/models/projects/init.rb": [
        null,
        null,
        1,
        1,
        3,
        null
      ],
      "/home/vicxu/Projects/codepraise-api-1/app/domain/models/projects/entities/init.rb": [
        null,
        null,
        1,
        3,
        null
      ],
      "/home/vicxu/Projects/codepraise-api-1/app/domain/models/projects/entities/project.rb": [
        null,
        null,
        1,
        1,
        1,
        null,
        1,
        1,
        null,
        1,
        1,
        null,
        1,
        1,
        1,
        1,
        1,
        1,
        1,
        1,
        null,
        1,
        0,
        null,
        null,
        1,
        0,
        null,
        null,
        null,
        null
      ],
      "/home/vicxu/Projects/codepraise-api-1/app/domain/models/projects/entities/member.rb": [
        null,
        null,
        1,
        1,
        null,
        1,
        1,
        null,
        1,
        1,
        null,
        1,
        1,
        1,
        1,
        null,
        1,
        0,
        null,
        null,
        null,
        null
      ],
      "/home/vicxu/Projects/codepraise-api-1/app/domain/models/projects/repositories/init.rb": [
        null,
        null,
        1,
        4,
        null
      ],
      "/home/vicxu/Projects/codepraise-api-1/app/domain/models/projects/repositories/projects.rb": [
        null,
        null,
        1,
        null,
        1,
        1,
        null,
        1,
        1,
        0,
        null,
        null,
        1,
        null,
        null,
        null,
        null,
        null,
        0,
        null,
        null,
        null,
        null,
        0,
        null,
        null,
        1,
        null,
        0,
        0,
        0,
        null,
        null,
        1,
        0,
        null,
        null,
        1,
        0,
        0,
        null,
        null,
        1,
        0,
        0,
        null,
        null,
        1,
        0,
        null,
        null,
        1,
        0,
        null,
        0,
        0,
        null,
        null,
        1,
        0,
        null,
        0,
        null,
        null,
        null,
        null,
        null,
        null,
        null,
        null,
        1,
        1,
        0,
        null,
        null,
        1,
        0,
        null,
        null,
        1,
        0,
        null,
        0,
        0,
        null,
        0,
        0,
        null,
        null,
        null,
        null,
        null,
        null,
        null
      ],
      "/home/vicxu/Projects/codepraise-api-1/app/domain/models/projects/repositories/members.rb": [
        null,
        null,
        1,
        1,
        null,
        1,
        1,
        0,
        null,
        null,
        1,
        0,
        null,
        null,
        1,
        0,
        null,
        0,
        null,
        null,
        null,
        null,
        null,
        null,
        null,
        1,
        0,
        0,
        null,
        null,
        null,
        1,
        0,
        null,
        null,
        null,
        null
      ],
      "/home/vicxu/Projects/codepraise-api-1/app/domain/models/projects/repositories/for.rb": [
        null,
        null,
        1,
        1,
        null,
        1,
        1,
        null,
        1,
        1,
        null,
        null,
        null,
        null,
        1,
        0,
        null,
        null,
        1,
        0,
        null,
        null,
        null,
        null
      ],
      "/home/vicxu/Projects/codepraise-api-1/app/domain/models/projects/mappers/init.rb": [
        null,
        null,
        1,
        3,
        null
      ],
      "/home/vicxu/Projects/codepraise-api-1/app/domain/models/projects/mappers/member_mapper.rb": [
        null,
        null,
        1,
        null,
        1,
        null,
        1,
        1,
        0,
        0,
        0,
        null,
        null,
        1,
        0,
        0,
        null,
        null,
        null,
        1,
        0,
        null,
        null,
        null,
        1,
        1,
        0,
        null,
        null,
        1,
        0,
        null,
        null,
        null,
        null,
        null,
        null,
        null,
        1,
        null,
        1,
        0,
        null,
        null,
        1,
        0,
        null,
        null,
        1,
        0,
        null,
        null,
        null,
        null,
        null
      ],
      "/home/vicxu/Projects/codepraise-api-1/app/domain/models/projects/mappers/project_mapper.rb": [
        null,
        null,
        1,
        null,
        1,
        1,
        null,
        1,
        1,
        0,
        0,
        0,
        null,
        null,
        1,
        0,
        0,
        null,
        null,
        1,
        0,
        null,
        null,
        null,
        1,
        1,
        0,
        0,
        null,
        null,
        null,
        null,
        1,
        0,
        null,
        null,
        null,
        null,
        null,
        null,
        null,
        null,
        null,
        null,
        null,
        1,
        0,
        null,
        null,
        1,
        0,
        null,
        null,
        1,
        0,
        null,
        null,
        1,
        0,
        null,
        null,
        1,
        0,
        null,
        null,
        1,
        0,
        null,
        null,
        1,
        0,
        null,
        null,
        null,
        null,
        null
      ],
      "/home/vicxu/Projects/codepraise-api-1/app/domain/models/contributions/init.rb": [
        null,
        null,
        1,
        1,
        5,
        null
      ],
      "/home/vicxu/Projects/codepraise-api-1/app/domain/models/contributions/lib/init.rb": [
        null,
        null,
        1,
        4,
        null
      ],
      "/home/vicxu/Projects/codepraise-api-1/app/domain/models/contributions/lib/code_ownership_calculator.rb": [
        null,
        null,
        1,
        1,
        null,
        1,
        1,
        0,
        null,
        0,
        0,
        0,
        0,
        null,
        0,
        null,
        null,
        1,
        null,
        1,
        0,
        0,
        null,
        0,
        0,
        0,
        0,
        null,
        null,
        0,
        null,
        null,
        null,
        null
      ],
      "/home/vicxu/Projects/codepraise-api-1/app/domain/models/contributions/lib/types.rb": [
        null,
        null,
        1,
        1,
        null,
        1,
        1,
        47,
        null,
        null,
        null,
        null,
        1,
        1,
        400,
        null,
        null,
        null,
        null
      ],
      "/home/vicxu/Projects/codepraise-api-1/app/domain/models/contributions/lib/contributions_calculator.rb": [
        null,
        null,
        1,
        1,
        null,
        1,
        1,
        0,
        null,
        null,
        1,
        0,
        null,
        null,
        1,
        0,
        null,
        null,
        1,
        0,
        null,
        null,
        1,
        0,
        null,
        null,
        null,
        null
      ],
      "/home/vicxu/Projects/codepraise-api-1/app/domain/models/contributions/values/init.rb": [
        null,
        null,
        1,
        3,
        null
      ],
      "/home/vicxu/Projects/codepraise-api-1/app/domain/models/contributions/values/credit_share.rb": [
        null,
        null,
        1,
        1,
        null,
        1,
        null,
        1,
        null,
        null,
        null,
        null,
        null,
        null,
        null,
        null,
        1,
        1,
        null,
        1,
        76,
        76,
        null,
        76,
        76,
        76,
        null,
        null,
        null,
        1,
        0,
        null,
        null,
        1,
        0,
        null,
        null,
        1,
        0,
        null,
        null,
        1,
        0,
        null,
        null,
        1,
        0,
        0,
        0,
        0,
        null,
        0,
        null,
        0,
        null,
        null,
        null,
        1,
        null,
        1,
        0,
        null,
        null,
        null,
        1,
        0,
        null,
        null,
        1,
        608,
        608,
        null,
        null,
        1,
        0,
        0,
        0,
        0,
        0,
        0,
        null,
        null,
        null,
        1,
        0,
        0,
        0,
        0,
        null,
        null,
        null,
        null,
        1,
        0,
        0,
        null,
        null,
        null,
        null,
        null,
        null,
        1,
        0,
        null,
        0,
        null,
        0,
        null,
        0,
        null,
        0,
        null,
        0,
        0,
        0,
        null,
        null,
        null,
        1,
        0,
        0,
        null,
        0,
        0,
        null,
        null,
        0,
        null,
        0,
        null,
        null,
        1,
        0,
        null,
        0,
        0,
        null,
        null,
        null,
        null,
        null,
        1,
        0,
        0,
        null,
        null,
        1,
        0,
        null,
        null,
        null,
        null,
        null,
        null,
        null,
        null,
        null,
        null,
        null,
        null
      ],
      "/home/vicxu/Projects/codepraise-api-1/app/domain/models/contributions/values/file_path.rb": [
        null,
        null,
        1,
        1,
        null,
        1,
        null,
        1,
        null,
        1,
        null,
        1,
        111,
        111,
        null,
        null,
        1,
        null,
        67,
        null,
        67,
        67,
        null,
        null,
        1,
        null,
        1,
        111,
        null,
        111,
        111,
        111,
        null,
        null,
        null,
        null,
        null
      ],
      "/home/vicxu/Projects/codepraise-api-1/app/domain/models/contributions/entities/init.rb": [
        null,
        null,
        1,
        1,
        2,
        null
      ],
      "/home/vicxu/Projects/codepraise-api-1/app/domain/models/contributions/entities/children/init.rb": [
        null,
        null,
        1,
        12,
        null
      ],
      "/home/vicxu/Projects/codepraise-api-1/app/domain/models/contributions/entities/children/method_contribution.rb": [
        null,
        null,
        1,
        1,
        1,
        null,
        1,
        1,
        null,
        1,
        1,
        null,
        1,
        1,
        null,
        1,
        228,
        null,
        608,
        null,
        null,
        null,
        1,
        228,
        null,
        null,
        null,
        null
      ],
      "/home/vicxu/Projects/codepraise-api-1/app/domain/models/contributions/entities/children/line_contribution.rb": [
        null,
        null,
        1,
        1,
        1,
        null,
        1,
        1,
        null,
        1,
        1,
        1,
        1,
        1,
        1,
        1,
        null,
        1,
        null,
        1,
        1,
        1,
        1,
        null,
        1,
        608,
        null,
        null,
        1,
        608,
        null,
        null,
        null,
        null
      ],
      "/home/vicxu/Projects/codepraise-api-1/app/domain/models/contributions/entities/children/contributor.rb": [
        null,
        null,
        1,
        1,
        null,
        1,
        1,
        null,
        1,
        1,
        null,
        1,
        1,
        null,
        null,
        1,
        512,
        null,
        null,
        null,
        1,
        null,
        1,
        608,
        null,
        null,
        null,
        null
      ],
      "/home/vicxu/Projects/codepraise-api-1/app/domain/models/contributions/entities/children/idiomaticity.rb": [
        null,
        null,
        1,
        1,
        1,
        null,
        1,
        1,
        1,
        1,
        null,
        1,
        1,
        null,
        1,
        0,
        null,
        null,
        1,
        1,
        null,
        1,
        null,
        0,
        null,
        0,
        null,
        0,
        null,
        0,
        0,
        0,
        null,
        null,
        null,
        null,
        null
      ],
      "/home/vicxu/Projects/codepraise-api-1/app/domain/models/contributions/entities/children/offense.rb": [
        null,
        null,
        1,
        1,
        null,
        1,
        1,
        1,
        1,
        null,
        1,
        1,
        1,
        1,
        1,
        null,
        null,
        null
      ],
      "/home/vicxu/Projects/codepraise-api-1/app/domain/models/contributions/entities/children/method_complexity.rb": [
        null,
        null,
        1,
        1,
        null,
        1,
        1,
        null,
        1,
        1,
        null,
        1,
        1,
        1,
        null,
        1,
        0,
        null,
        0,
        null,
        0,
        null,
        0,
        null,
        0,
        null,
        0,
        0,
        0,
        null,
        null,
        null,
        null,
        null
      ],
      "/home/vicxu/Projects/codepraise-api-1/app/domain/models/contributions/entities/children/file_change.rb": [
        null,
        null,
        1,
        1,
        null,
        null,
        1,
        1,
        null,
        1,
        1,
        null,
        1,
        1,
        1,
        1,
        null,
        null,
        null,
        null
      ],
      "/home/vicxu/Projects/codepraise-api-1/app/domain/models/contributions/entities/children/comment.rb": [
        null,
        null,
        1,
        1,
        null,
        1,
        1,
        1,
        1,
        1,
        null,
        1,
        1,
        null,
        1,
        0,
        0,
        null,
        0,
        null,
        null,
        null,
        1,
        0,
        0,
        0,
        null,
        null,
        null,
        null,
        null
      ],
      "/home/vicxu/Projects/codepraise-api-1/app/domain/models/contributions/entities/children/file_contributions.rb": [
        null,
        null,
        1,
        1,
        null,
        1,
        1,
        null,
        1,
        1,
        1,
        1,
        null,
        1,
        null,
        1,
        62,
        62,
        62,
        62,
        62,
        62,
        62,
        62,
        null,
        null,
        1,
        0,
        null,
        null,
        1,
        0,
        0,
        null,
        null,
        null,
        1,
        0,
        null,
        null,
        1,
        0,
        null,
        0,
        null,
        null,
        1,
        0,
        0,
        null,
        0,
        null,
        0,
        null,
        0,
        null,
        null,
        null,
        1,
        0,
        null,
        0,
        null,
        0,
        null,
        0,
        0,
        0,
        null,
        null,
        1,
        0,
        null,
        null,
        1,
        null,
        1,
        0,
        null,
        null,
        1,
        0,
        null,
        null,
        1,
        0,
        null,
        null,
        null,
        null
      ],
      "/home/vicxu/Projects/codepraise-api-1/app/domain/models/contributions/entities/children/test_case.rb": [
        null,
        null,
        1,
        1,
        null,
        1,
        1,
        1,
        1,
        1,
        null,
        1,
        null,
        1,
        0,
        null,
        null,
        null,
        null
      ],
      "/home/vicxu/Projects/codepraise-api-1/app/domain/models/contributions/entities/children/complexity.rb": [
        null,
        null,
        1,
        1,
        1,
        null,
        1,
        1,
        null,
        1,
        1,
        null,
        1,
        1,
        null,
        1,
        0,
        null,
        0,
        null,
        0,
        null,
        0,
        null,
        0,
        null,
        0,
        0,
        0,
        null,
        null,
        null,
        null,
        null
      ],
      "/home/vicxu/Projects/codepraise-api-1/app/domain/models/contributions/entities/root/init.rb": [
        null,
        null,
        1,
        4,
        null
      ],
      "/home/vicxu/Projects/codepraise-api-1/app/domain/models/contributions/entities/root/appraisal.rb": [
        null,
        null,
        1,
        1,
        1,
        1,
        0,
        0,
        0,
        null,
        null,
        1,
        0,
        0,
        0,
        null,
        null,
        1,
        null,
        1,
        0,
        0,
        0,
        0,
        null,
        null,
        0,
        null,
        null,
        null,
        null
      ],
      "/home/vicxu/Projects/codepraise-api-1/app/domain/models/contributions/entities/root/commit.rb": [
        null,
        null,
        1,
        1,
        1,
        null,
        1,
        1,
        null,
        1,
        1,
        null,
        1,
        1,
        1,
        1,
        1,
        1,
        null,
        1,
        0,
        null,
        null,
        1,
        0,
        null,
        null,
        1,
        0,
        null,
        null,
        null,
        null
      ],
      "/home/vicxu/Projects/codepraise-api-1/app/domain/models/contributions/entities/root/folder_contributions.rb": [
        null,
        null,
        1,
        1,
        null,
        1,
        1,
        1,
        null,
        1,
        null,
        1,
        16,
        16,
        16,
        16,
        null,
        78,
        31,
        null,
        null,
        1,
        0,
        null,
        null,
        1,
        0,
        null,
        null,
        1,
        0,
        null,
        null,
        1,
        0,
        null,
        0,
        null,
        0,
        null,
        null,
        1,
        32,
        129,
        null,
        null,
        null,
        1,
        17,
        null,
        16,
        null,
        67,
        67,
        null,
        null,
        16,
        15,
        null,
        null,
        null,
        1,
        0,
        null,
        null,
        1,
        0,
        null,
        null,
        1,
        0,
        null,
        0,
        0,
        0,
        null,
        null,
        1,
        0,
        null,
        null,
        1,
        null,
        1,
        196,
        null,
        null,
        1,
        16,
        null,
        null,
        null,
        null
      ],
      "/home/vicxu/Projects/codepraise-api-1/app/domain/models/contributions/repositories/init.rb": [
        null,
        null,
        1,
        4,
        null
      ],
      "/home/vicxu/Projects/codepraise-api-1/app/domain/models/contributions/repositories/repo_store.rb": [
        null,
        null,
        1,
        1,
        null,
        1,
        1,
        0,
        null,
        null,
        1,
        0,
        null,
        null,
        null,
        null
      ],
      "/home/vicxu/Projects/codepraise-api-1/app/domain/models/contributions/repositories/git_repo.rb": [
        null,
        null,
        1,
        null,
        1,
        1,
        null,
        1,
        1,
        1,
        1,
        null,
        null,
        1,
        2,
        2,
        2,
        null,
        null,
        1,
        12,
        null,
        null,
        1,
        0,
        null,
        null,
        1,
        0,
        null,
        null,
        1,
        14,
        null,
        null,
        1,
        0,
        0,
        null,
        0,
        null,
        null,
        null
      ],
      "/home/vicxu/Projects/codepraise-api-1/app/domain/models/contributions/repositories/appraisal.rb": [
        null,
        null,
        1,
        null,
        1,
        1,
        1,
        1,
        0,
        0,
        null,
        null,
        0,
        null,
        0,
        null,
        null,
        1,
        0,
        0,
        null,
        null,
        0,
        null,
        0,
        null,
        null,
        1,
        0,
        0,
        null,
        null,
        0,
        null,
        0,
        null,
        0,
        null,
        null,
        1,
        null,
        1,
        0,
        0,
        0,
        null,
        null,
        1,
        0,
        null,
        null,
        null,
        null,
        null,
        null,
        1,
        0,
        null,
        null,
        1,
        null,
        null,
        null
      ],
      "/home/vicxu/Projects/codepraise-api-1/app/domain/models/contributions/mappers/init.rb": [
        null,
        null,
        1,
        15,
        null
      ],
      "/home/vicxu/Projects/codepraise-api-1/app/domain/models/contributions/mappers/test_cases.rb": [
        null,
        null,
        1,
        null,
        1,
        1,
        1,
        1,
        5,
        null,
        null,
        1,
        5,
        8,
        null,
        null,
        null,
        null,
        null,
        1,
        null,
        1,
        5,
        null,
        null,
        null,
        null
      ],
      "/home/vicxu/Projects/codepraise-api-1/app/domain/models/contributions/mappers/test_case_parser.rb": [
        null,
        null,
        1,
        1,
        1,
        1,
        5,
        5,
        5,
        5,
        8,
        null,
        null,
        null,
        1,
        1182,
        null,
        647,
        8,
        null,
        639,
        1177,
        null,
        null,
        null,
        null,
        null,
        null
      ],
      "/home/vicxu/Projects/codepraise-api-1/app/domain/models/contributions/mappers/folder_contributions_mapper.rb": [
        null,
        null,
        1,
        null,
        1,
        1,
        null,
        1,
        1,
        1,
        1,
        null,
        1,
        2,
        2,
        2,
        2,
        2,
        null,
        null,
        1,
        2,
        null,
        null,
        null,
        null,
        null,
        null,
        1,
        2,
        null,
        63,
        null,
        null,
        null,
        null,
        null,
        1,
        0,
        0,
        null,
        null,
        null,
        0,
        0,
        null,
        null,
        1,
        null,
        0,
        0,
        0,
        null,
        null,
        1,
        null,
        1,
        0,
        null,
        null,
        1,
        0,
        0,
        0,
        0,
        0,
        null,
        null,
        null,
        null,
        1,
        0,
        0,
        null,
        null,
        1,
        0,
        0,
        0,
        null,
        null,
        1,
        0,
        0,
        0,
        null,
        null,
        null,
        null
      ],
      "/home/vicxu/Projects/codepraise-api-1/app/domain/models/contributions/mappers/file_contributions_mapper.rb": [
        null,
        null,
        1,
        1,
        null,
        1,
        1,
        63,
        63,
        63,
        63,
        null,
        null,
        1,
        63,
        null,
        null,
        null,
        null,
        null,
        null,
        null,
        null,
        null,
        null,
        null,
        1,
        null,
        1,
        23548,
        null,
        null,
        1,
        311,
        null,
        null,
        1,
        63,
        null,
        49,
        null,
        null,
        1,
        63,
        null,
        49,
        49,
        null,
        null,
        1,
        311,
        7260,
        null,
        null,
        null,
        null,
        null,
        null,
        null,
        null,
        1,
        111,
        null,
        97,
        null,
        null,
        1,
        62,
        null,
        48,
        null,
        null,
        1,
        299,
        null,
        null,
        1,
        62,
        null,
        null,
        1,
        62,
        null,
        5,
        null,
        null,
        1,
        null,
        6758,
        62,
        null,
        null,
        1,
        null,
        23374,
        6758,
        null,
        null,
        1,
        7260,
        null,
        null,
        null,
        null,
        null,
        null,
        1,
        7260,
        null,
        null,
        null,
        1,
        7260,
        null,
        null,
        null,
        1,
        7260,
        null,
        null,
        null,
        null
      ],
      "/home/vicxu/Projects/codepraise-api-1/app/domain/models/contributions/mappers/idiomaticity_mapper.rb": [
        1,
        1,
        1,
        1,
        4,
        null,
        null,
        1,
        50,
        null,
        49,
        null,
        null,
        null,
        null,
        null,
        1,
        null,
        1,
        50,
        null,
        49,
        null,
        49,
        51,
        null,
        null,
        null,
        null,
        null,
        null,
        null,
        null,
        null,
        1,
        51,
        51,
        null,
        51,
        104,
        null,
        null,
        null,
        1,
        51,
        null,
        null,
        1,
        49,
        null,
        49,
        49,
        null,
        null,
        null,
        null
      ],
      "/home/vicxu/Projects/codepraise-api-1/app/domain/models/contributions/mappers/commit_mapper.rb": [
        null,
        null,
        1,
        null,
        1,
        1,
        1,
        null,
        1,
        218,
        218,
        null,
        null,
        1,
        218,
        null,
        null,
        null,
        null,
        null,
        null,
        null,
        null,
        null,
        null,
        1,
        null,
        1,
        218,
        null,
        null,
        null,
        null,
        null,
        1,
        218,
        218,
        754,
        null,
        null,
        null,
        null,
        null,
        null,
        null,
        null,
        null,
        1,
        218,
        2,
        null,
        216,
        null,
        null,
        null,
        null,
        null,
        null,
        null
      ],
      "/home/vicxu/Projects/codepraise-api-1/app/domain/models/contributions/mappers/commit_diff.rb": [
        null,
        null,
        1,
        1,
        1,
        1,
        218,
        218,
        754,
        null,
        null,
        null,
        null,
        null,
        null,
        null,
        null,
        1,
        754,
        null,
        null,
        null,
        null
      ],
      "/home/vicxu/Projects/codepraise-api-1/app/domain/models/contributions/mappers/comment_parser.rb": [
        null,
        null,
        1,
        1,
        1,
        1,
        1,
        null,
        1,
        48,
        48,
        48,
        1038,
        96,
        942,
        96,
        96,
        null,
        null,
        48,
        null,
        null,
        1,
        1038,
        null,
        null,
        null,
        null
      ],
      "/home/vicxu/Projects/codepraise-api-1/app/domain/models/contributions/mappers/method_contribution_mapper.rb": [
        null,
        null,
        1,
        1,
        1,
        1,
        97,
        null,
        null,
        1,
        97,
        null,
        97,
        null,
        67,
        149,
        null,
        null,
        null,
        null,
        null,
        null,
        1,
        null,
        1,
        149,
        null,
        null,
        1,
        97,
        null,
        null,
        null,
        null
      ],
      "/home/vicxu/Projects/codepraise-api-1/app/domain/models/contributions/mappers/complexity_mapper.rb": [
        null,
        null,
        1,
        1,
        null,
        1,
        1,
        49,
        49,
        null,
        null,
        1,
        49,
        null,
        34,
        null,
        null,
        null,
        null,
        null,
        1,
        null,
        1,
        117,
        null,
        null,
        1,
        34,
        null,
        null,
        1,
        117,
        102,
        228,
        228,
        228,
        null,
        null,
        null,
        null,
        null,
        null,
        null,
        1,
        117,
        null,
        0,
        0,
        0,
        0,
        0,
        null,
        null,
        null,
        null,
        null,
        null,
        null,
        1,
        0,
        0,
        null,
        null,
        null,
        1,
        228,
        null,
        228,
        null,
        null,
        null,
        null
      ],
      "/home/vicxu/Projects/codepraise-api-1/app/domain/models/contributions/mappers/method_parser.rb": [
        null,
        null,
        1,
        1,
        null,
        1,
        1,
        null,
        1,
        1,
        97,
        97,
        null,
        null,
        1,
        97,
        null,
        null,
        1,
        97,
        97,
        null,
        97,
        null,
        67,
        149,
        null,
        null,
        null,
        null,
        1,
        149,
        149,
        149,
        null,
        null,
        1,
        null,
        1,
        149,
        null,
        null,
        1,
        3211,
        null,
        1557,
        149,
        null,
        1408,
        3114,
        null,
        null,
        null,
        null,
        1,
        null,
        null,
        null
      ],
      "/home/vicxu/Projects/codepraise-api-1/app/domain/models/contributions/mappers/comment_mapper.rb": [
        null,
        null,
        1,
        null,
        1,
        1,
        null,
        1,
        1,
        48,
        null,
        null,
        1,
        48,
        96,
        null,
        null,
        null,
        null,
        null,
        null,
        1,
        null,
        1,
        48,
        null,
        null,
        1,
        96,
        null,
        74,
        null,
        null,
        1,
        170,
        1191,
        null,
        null,
        null,
        null,
        null,
        null
      ],
      "/home/vicxu/Projects/codepraise-api-1/app/domain/models/contributions/mappers/porcelain_parser.rb": [
        null,
        null,
        1,
        1,
        null,
        1,
        1,
        1,
        null,
        1,
        null,
        3548,
        null,
        null,
        1,
        124,
        124,
        null,
        0,
        0,
        null,
        null,
        1,
        3424,
        3424,
        null,
        null,
        null,
        null,
        3424,
        36342,
        36342,
        null,
        null,
        3424,
        null,
        null,
        1,
        3424,
        3424,
        3424,
        null,
        null,
        1,
        36342,
        null,
        null,
        null,
        null
      ],
      "/home/vicxu/Projects/codepraise-api-1/app/domain/models/contributions/mappers/contributions_mapper.rb": [
        null,
        null,
        1,
        1,
        null,
        1,
        1,
        2,
        null,
        null,
        1,
        2,
        null,
        null,
        null,
        null,
        null,
        2,
        null,
        null,
        1,
        2,
        null,
        2,
        2,
        2,
        2,
        218,
        null,
        null,
        null,
        1,
        null,
        124,
        124,
        124,
        2,
        null,
        null,
        null,
        null
      ],
      "/home/vicxu/Projects/codepraise-api-1/app/application/init.rb": [
        null,
        null,
        1,
        1,
        3,
        null
      ],
      "/home/vicxu/Projects/codepraise-api-1/app/application/values/init.rb": [
        null,
        null,
        1,
        8,
        null
      ],
      "/home/vicxu/Projects/codepraise-api-1/app/application/values/list_request.rb": [
        null,
        null,
        1,
        1,
        1,
        null,
        1,
        1,
        null,
        1,
        1,
        null,
        1,
        0,
        null,
        null,
        null,
        1,
        0,
        0,
        null,
        0,
        null,
        null,
        null,
        null,
        1,
        0,
        null,
        null,
        null,
        1,
        0,
        null,
        null,
        null,
        null
      ],
      "/home/vicxu/Projects/codepraise-api-1/app/application/values/projects_list.rb": [
        null,
        null,
        1,
        1,
        null,
        1,
        1,
        null,
        1,
        null,
        null
      ],
      "/home/vicxu/Projects/codepraise-api-1/app/application/values/openstruct_with_links.rb": [
        null,
        null,
        1,
        1,
        null,
        1,
        1,
        null,
        null,
        null
      ],
      "/home/vicxu/Projects/codepraise-api-1/app/application/values/project_folder_contributions.rb": [
        null,
        null,
        1,
        1,
        null,
        1,
        null,
        null
      ],
      "/home/vicxu/Projects/codepraise-api-1/app/application/values/clone_request.rb": [
        null,
        null,
        1,
        1,
        1,
        null,
        null
      ],
      "/home/vicxu/Projects/codepraise-api-1/app/application/values/project_request_path.rb": [
        null,
        null,
        1,
        1,
        null,
        1,
        1,
        0,
        0,
        0,
        0,
        null,
        null,
        1,
        null,
        1,
        0,
        null,
        null,
        1,
        0,
        null,
        null,
        null,
        null
      ],
      "/home/vicxu/Projects/codepraise-api-1/app/application/values/result.rb": [
        null,
        null,
        1,
        1,
        null,
        1,
        1,
        null,
        null,
        null,
        1,
        null,
        null,
        null,
        null,
        1,
        null,
        1,
        0,
        null,
        0,
        null,
        null,
        null,
        null
      ],
      "/home/vicxu/Projects/codepraise-api-1/app/application/services/init.rb": [
        null,
        null,
        1,
        5,
        null
      ],
      "/home/vicxu/Projects/codepraise-api-1/app/application/services/list_projects.rb": [
        null,
        null,
        1,
        null,
        1,
        1,
        null,
        1,
        1,
        null,
        1,
        1,
        null,
        1,
        null,
        null,
        1,
        0,
        0,
        0,
        null,
        0,
        null,
        null,
        null,
        1,
        null,
        0,
        0,
        0,
        null,
        null,
        0,
        null,
        null,
        null,
        null,
        null
      ],
      "/home/vicxu/Projects/codepraise-api-1/app/application/services/appraise_project.rb": [
        null,
        null,
        1,
        null,
        1,
        1,
        null,
        1,
        1,
        null,
        1,
        1,
        1,
        1,
        null,
        1,
        null,
        1,
        1,
        1,
        1,
        null,
        null,
        1,
        0,
        null,
        null,
        0,
        0,
        null,
        0,
        null,
        null,
        0,
        null,
        null,
        1,
        0,
        0,
        0,
        0,
        0,
        null,
        0,
        null,
        null,
        null,
        null,
        null,
        1,
        0,
        0,
        0,
        null,
        0,
        null,
        null,
        null,
        1,
        0,
        0,
        null,
        null,
        null,
        null,
        0,
        0,
        null,
        null,
        null,
        null,
        1,
        null,
        0,
        0,
        null,
        null,
        1,
        0,
        null,
        0,
        0,
        null,
        0,
        null,
        null,
        null,
        null,
        null,
        null
      ],
      "/home/vicxu/Projects/codepraise-api-1/app/application/services/add_project.rb": [
        null,
        null,
        1,
        null,
        1,
        1,
        null,
        1,
        1,
        null,
        1,
        1,
        null,
        1,
        null,
        1,
        1,
        null,
        null,
        1,
        0,
        0,
        null,
        0,
        null,
        0,
        null,
        0,
        null,
        null,
        null,
        1,
        0,
        0,
        null,
        0,
        0,
        0,
        null,
        null,
        0,
        0,
        null,
        null,
        null,
        null,
        1,
        null,
        null,
        0,
        null,
        0,
        null,
        null,
        1,
        null,
        0,
        null,
        null,
        null,
        null
      ],
      "/home/vicxu/Projects/codepraise-api-1/app/application/services/update_appraisal.rb": [
        null,
        null,
        1,
        null,
        1,
        1,
        null,
        1,
        1,
        null,
        1,
        1,
        1,
        1,
        1,
        null,
        1,
        null,
        1,
        1,
        1,
        1,
        1,
        1,
        null,
        null,
        1,
        0,
        null,
        null,
        0,
        0,
        null,
        0,
        null,
        null,
        0,
        null,
        null,
        1,
        0,
        0,
        0,
        0,
        0,
        null,
        0,
        null,
        null,
        null,
        null,
        null,
        1,
        0,
        0,
        0,
        null,
        0,
        null,
        null,
        null,
        1,
        0,
        null,
        0,
        0,
        null,
        null,
        null,
        null,
        0,
        0,
        null,
        null,
        1,
        0,
        0,
        0,
        null,
        null,
        0,
        0,
        0,
        null,
        null,
        0,
        null,
        null,
        1,
        0,
        0,
        0,
        null,
        0,
        0,
        null,
        null,
        null,
        null,
        null,
        1,
        0,
        null,
        0,
        null,
        null,
        1,
        null,
        0,
        0,
        null,
        null,
        1,
        0,
        null,
        0,
        0,
        null,
        0,
        null,
        null,
        null,
        null,
        null,
        null
      ],
      "/home/vicxu/Projects/codepraise-api-1/app/application/controllers/init.rb": [
        null,
        null,
        1,
        2,
        null
      ],
      "/home/vicxu/Projects/codepraise-api-1/app/application/controllers/api.rb": [
        null,
        null,
        1,
        1,
        null,
        1,
        null,
        1,
        1,
        null,
        1,
        1,
        1,
        1,
        null,
        1,
        0,
        null,
        null,
        0,
        0,
        null,
        0,
        null,
        null,
        null,
        0,
        0,
        null,
        null,
        0,
        0,
        0,
        null,
        0,
        0,
        null,
        0,
        null,
        0,
        null,
        null,
        null,
        0,
        null,
        0,
        null,
        null,
        null,
        null,
        null,
        0,
        null,
        null,
        null,
        0,
        0,
        null,
        null,
        null,
        0,
        null,
        null,
        null,
        0,
        null,
        0,
        0,
        null,
        null,
        null,
        0,
        null,
        null,
        null,
        null,
        null,
        null,
        null
      ],
      "/home/vicxu/Projects/codepraise-api-1/app/application/controllers/lib/init.rb": [
        null,
        null,
        1,
        3,
        null
      ],
      "/home/vicxu/Projects/codepraise-api-1/app/application/controllers/lib/environment.rb": [
        null,
        null,
        1,
        null,
        1,
        1,
        0,
        null,
        null,
        1,
        0,
        null,
        null,
        null
      ],
      "/home/vicxu/Projects/codepraise-api-1/app/application/controllers/lib/cache_control.rb": [
        null,
        null,
        1,
        1,
        null,
        1,
        1,
        1,
        1,
        null,
        1,
        0,
        0,
        null,
        null,
        1,
        0,
        0,
        null,
        null,
        1,
        0,
        null,
        null,
        null,
        null
      ],
      "/home/vicxu/Projects/codepraise-api-1/app/presentation/init.rb": [
        null,
        null,
        1,
        1,
        1,
        null
      ],
      "/home/vicxu/Projects/codepraise-api-1/app/presentation/representers/init.rb": [
        null,
        null,
        1,
        22,
        null
      ],
      "/home/vicxu/Projects/codepraise-api-1/app/presentation/representers/project_folder_contributions_representer.rb": [
        null,
        null,
        1,
        1,
        null,
        1,
        1,
        1,
        null,
        1,
        1,
        null,
        1,
        1,
        null,
        1,
        1,
        1,
        null,
        null,
        null
      ],
      "/home/vicxu/Projects/codepraise-api-1/app/presentation/representers/folder_contributions_representer.rb": [
        null,
        null,
        1,
        1,
        null,
        1,
        1,
        1,
        1,
        null,
        1,
        1,
        null,
        1,
        1,
        null,
        1,
        1,
        1,
        1,
        1,
        1,
        1,
        1,
        1,
        1,
        null,
        null,
        null
      ],
      "/home/vicxu/Projects/codepraise-api-1/app/presentation/representers/contributor_representer.rb": [
        null,
        null,
        1,
        1,
        null,
        1,
        1,
        null,
        1,
        1,
        null,
        1,
        1,
        null,
        null,
        null
      ],
      "/home/vicxu/Projects/codepraise-api-1/app/presentation/representers/credit_share_representer.rb": [
        null,
        null,
        1,
        1,
        null,
        1,
        null,
        1,
        1,
        null,
        1,
        1,
        null,
        1,
        1,
        1,
        1,
        1,
        1,
        null,
        null,
        null,
        null
      ],
      "/home/vicxu/Projects/codepraise-api-1/app/presentation/representers/file_contributions_representer.rb": [
        null,
        null,
        1,
        1,
        null,
        1,
        1,
        1,
        1,
        1,
        1,
        1,
        1,
        1,
        null,
        1,
        1,
        null,
        1,
        1,
        null,
        1,
        1,
        1,
        1,
        1,
        1,
        1,
        1,
        1,
        1,
        1,
        1,
        1,
        1,
        1,
        null,
        null,
        null
      ],
      "/home/vicxu/Projects/codepraise-api-1/app/presentation/representers/file_path_representer.rb": [
        null,
        null,
        1,
        1,
        null,
        1,
        null,
        1,
        1,
        null,
        1,
        1,
        null,
        1,
        1,
        null,
        null,
        null
      ],
      "/home/vicxu/Projects/codepraise-api-1/app/presentation/representers/line_contribution_representer.rb": [
        null,
        null,
        1,
        1,
        null,
        1,
        null,
        1,
        1,
        null,
        1,
        1,
        null,
        1,
        1,
        1,
        1,
        1,
        1,
        null,
        null,
        null
      ],
      "/home/vicxu/Projects/codepraise-api-1/app/presentation/representers/complexity_representer.rb": [
        1,
        1,
        null,
        1,
        1,
        null,
        1,
        1,
        null,
        1,
        1,
        1,
        null,
        null,
        null
      ],
      "/home/vicxu/Projects/codepraise-api-1/app/presentation/representers/idiomaticity_representer.rb": [
        null,
        null,
        1,
        1,
        null,
        1,
        null,
        1,
        1,
        null,
        1,
        1,
        null,
        1,
        1,
        1,
        1,
        null,
        null,
        null
      ],
      "/home/vicxu/Projects/codepraise-api-1/app/presentation/representers/offense_representer.rb": [
        null,
        null,
        1,
        1,
        null,
        1,
        1,
        null,
        1,
        1,
        null,
        1,
        1,
        1,
        1,
        null,
        null,
        null
      ],
      "/home/vicxu/Projects/codepraise-api-1/app/presentation/representers/method_contributions_representer.rb": [
        null,
        null,
        1,
        1,
        null,
        1,
        1,
        null,
        1,
        1,
        null,
        1,
        1,
        null,
        1,
        1,
        null,
        null,
        null
      ],
      "/home/vicxu/Projects/codepraise-api-1/app/presentation/representers/comment_representer.rb": [
        null,
        null,
        1,
        null,
        null,
        1,
        1,
        1,
        1,
        null,
        1,
        1,
        1,
        null,
        null,
        null
      ],
      "/home/vicxu/Projects/codepraise-api-1/app/presentation/representers/project_representer.rb": [
        null,
        null,
        1,
        1,
        null,
        1,
        null,
        null,
        1,
        1,
        null,
        1,
        1,
        1,
        1,
        null,
        1,
        1,
        1,
        1,
        1,
        1,
        1,
        1,
        null,
        1,
        0,
        null,
        null,
        1,
        null,
        1,
        0,
        null,
        null,
        1,
        0,
        null,
        null,
        null,
        null
      ],
      "/home/vicxu/Projects/codepraise-api-1/app/presentation/representers/member_representer.rb": [
        null,
        null,
        1,
        1,
        null,
        1,
        1,
        null,
        null,
        null,
        null,
        1,
        1,
        null,
        1,
        1,
        1,
        null,
        null,
        null
      ],
      "/home/vicxu/Projects/codepraise-api-1/app/presentation/representers/test_case_representer.rb": [
        null,
        null,
        1,
        1,
        null,
        1,
        1,
        1,
        1,
        null,
        1,
        1,
        null,
        null,
        null
      ],
      "/home/vicxu/Projects/codepraise-api-1/app/presentation/representers/commit_representer.rb": [
        null,
        null,
        1,
        1,
        null,
        1,
        1,
        1,
        1,
        null,
        1,
        1,
        1,
        1,
        1,
        1,
        1,
        1,
        1,
        null,
        null,
        null
      ],
      "/home/vicxu/Projects/codepraise-api-1/app/presentation/representers/file_change_representer.rb": [
        null,
        null,
        1,
        1,
        1,
        1,
        null,
        1,
        1,
        1,
        1,
        null,
        null,
        null
      ],
      "/home/vicxu/Projects/codepraise-api-1/app/presentation/representers/clone_request_representer.rb": [
        null,
        null,
        1,
        null,
        null,
        1,
        1,
        null,
        1,
        1,
        null,
        1,
        1,
        null,
        null,
        null
      ],
      "/home/vicxu/Projects/codepraise-api-1/app/presentation/representers/projects_representer.rb": [
        null,
        null,
        1,
        1,
        null,
        1,
        null,
        1,
        1,
        null,
        1,
        1,
        null,
        1,
        null,
        null,
        null,
        null
      ],
      "/home/vicxu/Projects/codepraise-api-1/app/presentation/representers/for.rb": [
        null,
        null,
        1,
        1,
        1,
        1,
        null,
        1,
        1,
        1,
        1,
        null,
        null,
        null,
        null,
        null,
        null,
        null,
        1,
        null,
        1,
        0,
        0,
        0,
        0,
        null,
        0,
        0,
        0,
        0,
        null,
        null,
        null,
        1,
        0,
        null,
        null,
        1,
        0,
        null,
        null,
        1,
        0,
        0,
        null,
        null,
        null,
        null
      ],
      "/home/vicxu/Projects/codepraise-api-1/app/presentation/representers/http_response_representer.rb": [
        null,
        null,
        1,
        1,
        null,
        1,
        1,
        null,
        null,
        null,
        null,
        null,
        1,
        1,
        null,
        1,
        1,
        null,
        1,
        null,
        null,
        null,
        null,
        null,
        null,
        null,
        null,
        null,
        null,
        null,
        null,
        null,
        1,
        0,
        null,
        null,
        null,
        null
      ],
      "/home/vicxu/Projects/codepraise-api-1/spec/factories/init.rb": [
        1,
        1,
        null,
        1,
        2,
        null
      ],
      "/home/vicxu/Projects/codepraise-api-1/spec/factories/member_factory.rb": [
        1,
        1,
        3,
        3,
        3,
        9,
        null,
        null
      ],
      "/home/vicxu/Projects/codepraise-api-1/spec/factories/project_factory.rb": [
        1,
        null,
        1,
        1,
        3,
        3,
        3,
        3,
        3,
        1,
        3,
        null,
        1,
        2,
        null,
        null,
        null,
        null,
        null,
        null,
        null,
        null,
        null,
        null,
        null,
        null,
        null,
        null,
        null,
        null,
        2,
        6,
        6,
        null,
        null,
        null,
        null
      ],
      "/home/vicxu/Projects/codepraise-api-1/spec/helpers/measurement_helper.rb": [
        null,
        null,
        1,
        null,
        1,
        1,
        null,
        1,
        2,
        2,
        2,
        2,
        null,
        null,
        1,
        2,
        2,
        null,
        null,
        1,
        0,
        null,
        null,
        1,
        2,
        null,
        null,
        1,
        2,
        null,
        null,
        1,
        0,
        0,
        0,
        null,
        null,
        1,
        0,
        0,
        null,
        null,
        null,
        1,
        0,
        null,
        null,
        1,
        0,
        null,
        null,
        1,
        2,
        null,
        null,
        1,
        0,
        0,
        0,
        null,
        null,
        1,
        252,
        null,
        null,
        1,
        2,
        null,
        10,
        2,
        null,
        null,
        1,
        null,
        1,
        0,
        0,
        null,
        null,
        null
      ],
      "/home/vicxu/Projects/codepraise-api-1/spec/helpers/database_helper.rb": [
        null,
        null,
        1,
        null,
        null,
        1,
        1,
        1,
        1,
        1,
        null,
        null,
        1,
        2,
        2,
        2,
        2,
        null,
        null
      ]
    },
    "timestamp": 1556200746
  },
  "MiniTest": {
    "coverage": {
      "/home/vicxu/Projects/codepraise-api-1/spec/factories/init.rb": [
        1,
        1,
        null,
        1,
        2,
        null
      ],
      "/home/vicxu/Projects/codepraise-api-1/spec/factories/member_factory.rb": [
        1,
        1,
        1,
        1,
        1,
        1,
        null,
        null
      ],
      "/home/vicxu/Projects/codepraise-api-1/spec/factories/project_factory.rb": [
        1,
        null,
        1,
        1,
        1,
        1,
        1,
        1,
        1,
        1,
        1,
        null,
        1,
        1,
        0,
        0,
        null,
        null,
        null,
        null
      ]
    },
    "timestamp": 1554182303
  }
}
