{
  "RSpec": {
    "coverage": {
      "/home/vicxu/Projects/codepraise-api-1/init.rb": [
        null,
        null,
        1,
        1,
        3,
        null
      ],
      "/home/vicxu/Projects/codepraise-api-1/lib/init.rb": [
        null,
        null,
        1,
        2,
        null
      ],
      "/home/vicxu/Projects/codepraise-api-1/lib/math_extension.rb": [
        null,
        null,
        null,
        1,
        1,
        0,
        null,
        0,
        null,
        null,
        1,
        0,
        null,
        null,
        1,
        0,
        null,
        0,
        0,
        0,
        0,
        null,
        null,
        1,
        0,
        null,
        0,
        null,
        null
      ],
      "/home/vicxu/Projects/codepraise-api-1/config/init.rb": [
        null,
        null,
        1
      ],
      "/home/vicxu/Projects/codepraise-api-1/config/environment.rb": [
        null,
        null,
        1,
        1,
        1,
        1,
        1,
        1,
        null,
        1,
        null,
        1,
        1,
        null,
        1,
        1,
        1,
        null,
        1,
        1,
        null,
        1,
        1,
        null,
        1,
        0,
        null,
        null,
        null,
        1,
        1,
        1,
        null,
        null,
        1,
        0,
        0,
        null,
        null,
        1,
        0,
        null,
        null,
        null,
        null,
        null,
        1,
        null,
        0,
        0,
        null,
        0,
        null,
        null,
        null,
        null,
        null,
        1,
        0,
        0,
        0,
        null,
        null,
        1,
        1,
        1,
        null,
        1,
        4,
        null,
        null,
        1,
        1,
        null,
        1,
        3,
        null,
        null,
        null,
        null
      ],
      "/home/vicxu/Projects/codepraise-api-1/app/init.rb": [
        null,
        null,
        1,
        1,
        4,
        null
      ],
      "/home/vicxu/Projects/codepraise-api-1/app/infrastructure/init.rb": [
        null,
        null,
        1,
        1,
        8,
        null
      ],
      "/home/vicxu/Projects/codepraise-api-1/app/infrastructure/github/init.rb": [
        null,
        null,
        1,
        2,
        null
      ],
      "/home/vicxu/Projects/codepraise-api-1/app/infrastructure/github/github_api.rb": [
        null,
        null,
        1,
        null,
        1,
        1,
        null,
        1,
        1,
        0,
        null,
        null,
        1,
        0,
        null,
        null,
        1,
        0,
        null,
        null,
        1,
        0,
        null,
        null,
        1,
        0,
        null,
        null,
        null,
        1,
        1,
        null,
        1,
        0,
        null,
        null,
        1,
        0,
        null,
        null,
        1,
        0,
        null,
        null,
        1,
        0,
        null,
        null,
        1,
        0,
        null,
        null,
        null,
        null,
        0,
        0,
        null,
        null,
        null,
        null,
        null,
        1,
        1,
        1,
        null,
        1,
        null,
        null,
        null,
        null,
        1,
        0,
        null,
        null,
        1,
        0,
        null,
        null,
        null,
        null,
        null
      ],
      "/home/vicxu/Projects/codepraise-api-1/app/infrastructure/database/init.rb": [
        null,
        null,
        1,
        1,
        2,
        null
      ],
      "/home/vicxu/Projects/codepraise-api-1/app/infrastructure/database/orms/init.rb": [
        null,
        null,
        1,
        1,
        2,
        null,
        null,
        null,
        1,
        3,
        null
      ],
      "/home/vicxu/Projects/codepraise-api-1/app/infrastructure/database/orms/member_orm.rb": [
        null,
        null,
        1,
        null,
        1,
        1,
        null,
        1,
        1,
        null,
        null,
        null,
        1,
        null,
        null,
        null,
        null,
        1,
        null,
        1,
        0,
        null,
        null,
        null,
        null
      ],
      "/home/vicxu/Projects/codepraise-api-1/app/infrastructure/database/orms/project_orm.rb": [
        null,
        null,
        1,
        null,
        1,
        1,
        null,
        1,
        1,
        null,
        null,
        1,
        null,
        null,
        null,
        null,
        1,
        1,
        1,
        null,
        1,
        0,
        null,
        null,
        null,
        null
      ],
      "/home/vicxu/Projects/codepraise-api-1/app/infrastructure/database/odms/init.rb": [
        null,
        null,
        1,
        2,
        null
      ],
      "/home/vicxu/Projects/codepraise-api-1/app/infrastructure/database/odms/appraisal_odm.rb": [
        null,
        null,
        1,
        null,
        1,
        1,
        null,
        1,
        1,
        null,
        1,
        null,
        1,
        0,
        0,
        0,
        null,
        null,
        1,
        0,
        null,
        null,
        1,
        0,
        0,
        null,
        null,
        1,
        0,
        0,
        null,
        null,
        1,
        0,
        0,
        null,
        0,
        null,
        null,
        null,
        1,
        0,
        null,
        null,
        1,
        0,
        null,
        null,
        1,
        0,
        null,
        null,
        null,
        null,
        null,
        1,
        0,
        null,
        0,
        0,
        null,
        null,
        null,
        1,
        0,
        null,
        0,
        null,
        0,
        null,
        null,
        null,
        null
      ],
      "/home/vicxu/Projects/codepraise-api-1/app/infrastructure/git/init.rb": [
        null,
        null,
        1,
        7,
        null
      ],
      "/home/vicxu/Projects/codepraise-api-1/app/infrastructure/git/commit_reporter.rb": [
        null,
        null,
        1,
        null,
        1,
        null,
        1,
        1,
        null,
        1,
        1,
        1,
        null,
        null,
        1,
        0,
        null,
        null,
        1,
        1,
        1,
        1,
        null,
        null,
        1,
        1,
        null,
        null,
        1,
        null,
        1,
        1,
        1,
        0,
        null,
        1,
        null,
        null,
        null,
        null
      ],
      "/home/vicxu/Projects/codepraise-api-1/app/infrastructure/git/blame_reporter.rb": [
        null,
        null,
        1,
        null,
        1,
        1,
        null,
        1,
        1,
        null,
        1,
        1,
        null,
        null,
        1,
        1,
        1,
        null,
        null,
        null,
        119,
        1,
        2,
        null,
        null,
        null,
        1,
        0,
        null,
        null,
        1,
        0,
        null,
        null,
        1,
        0,
        null,
        null,
        1,
        111,
        null,
        null,
        1,
        null,
        1,
        1,
        null,
        0,
        null,
        null,
        1,
        0,
        null,
        null,
        null,
        1,
        0,
        null,
        null,
        null,
        1,
        null,
        null,
        111,
        222,
        1,
        null,
        null,
        null,
        null
      ],
      "/home/vicxu/Projects/codepraise-api-1/app/infrastructure/git/local_repo.rb": [
        null,
        null,
        1,
        1,
        null,
        1,
        1,
        1,
        null,
        1,
        null,
        null,
        null,
        1,
        1,
        1,
        1,
        1,
        null,
        1,
        null,
        1,
        1,
        1,
        null,
        null,
        1,
        0,
        0,
        null,
        0,
        null,
        null,
        1,
        0,
        0,
        null,
        null,
        null,
        1,
        0,
        null,
        0,
        0,
        0,
        0,
        0,
        0,
        null,
        null,
        null,
        null,
        1,
        1,
        1,
        null,
        1,
        1,
        167,
        null,
        null,
        null,
        null,
        1,
        2,
        4,
        null,
        null,
        1,
        8,
        null,
        null,
        1,
        0,
        null,
        null,
        1,
        null,
        1,
        3,
        null,
        null,
        1,
        0,
        null,
        null,
        null,
        null
      ],
      "/home/vicxu/Projects/codepraise-api-1/app/infrastructure/git/remote_repo.rb": [
        null,
        null,
        1,
        null,
        1,
        1,
        null,
        null,
        null,
        null,
        null,
        null,
        1,
        1,
        null,
        1,
        1,
        null,
        null,
        1,
        1,
        null,
        null,
        1,
        null,
        null,
        null,
        null,
        0,
        null,
        null,
        null,
        null
      ],
      "/home/vicxu/Projects/codepraise-api-1/app/infrastructure/git/git.rb": [
        null,
        null,
        1,
        1,
        null,
        1,
        1,
        null,
        1,
        111,
        111,
        111,
        111,
        null,
        null,
        1,
        0,
        0,
        0,
        null,
        null,
        1,
        111,
        111,
        111,
        111,
        null,
        null,
        1,
        0,
        0,
        null,
        null,
        1,
        0,
        0,
        null,
        null,
        1,
        222,
        null,
        null,
        1,
        null,
        null,
        null,
        111,
        null,
        null,
        1,
        111,
        null,
        null,
        1,
        0,
        0,
        null,
        null,
        null,
        null,
        null
      ],
      "/home/vicxu/Projects/codepraise-api-1/app/infrastructure/git/repo_file.rb": [
        null,
        null,
        1,
        1,
        null,
        1,
        1,
        null,
        1,
        111,
        null,
        null,
        1,
        111,
        null,
        null,
        null,
        null,
        null,
        null
      ],
      "/home/vicxu/Projects/codepraise-api-1/app/infrastructure/cache/init.rb": [
        null,
        null,
        1,
        2,
        null
      ],
      "/home/vicxu/Projects/codepraise-api-1/app/infrastructure/cache/redis_cache.rb": [
        null,
        null,
        1,
        null,
        1,
        1,
        null,
        1,
        1,
        0,
        null,
        null,
        1,
        0,
        null,
        null,
        1,
        0,
        null,
        null,
        null,
        null
      ],
      "/home/vicxu/Projects/codepraise-api-1/app/infrastructure/messaging/init.rb": [
        null,
        null,
        1,
        2,
        null
      ],
      "/home/vicxu/Projects/codepraise-api-1/app/infrastructure/messaging/queue.rb": [
        null,
        null,
        1,
        null,
        1,
        1,
        null,
        null,
        1,
        1,
        null,
        1,
        0,
        0,
        null,
        null,
        null,
        null,
        0,
        null,
        null,
        null,
        null,
        null,
        null,
        1,
        0,
        null,
        null,
        0,
        0,
        0,
        null,
        0,
        null,
        null,
        null,
        null,
        null,
        null,
        1,
        0,
        0,
        0,
        null,
        null,
        null,
        1,
        null,
        1,
        0,
        null,
        null,
        null,
        null
      ],
      "/home/vicxu/Projects/codepraise-api-1/app/infrastructure/flog/init.rb": [
        null,
        null,
        1,
        2,
        null
      ],
      "/home/vicxu/Projects/codepraise-api-1/app/infrastructure/flog/flog.rb": [
        null,
        null,
        1,
        null,
        1,
        1,
        null,
        1,
        1,
        0,
        null,
        null,
        1,
        0,
        null,
        0,
        null,
        0,
        null,
        null,
        null,
        null,
        null,
        null,
        1,
        1692,
        1692,
        1692,
        1692,
        null,
        null,
        1,
        null,
        1,
        0,
        0,
        0,
        null,
        null,
        1,
        0,
        null,
        null,
        1,
        0,
        0,
        null,
        null,
        null,
        1,
        0,
        null,
        null,
        null,
        null
      ],
      "/home/vicxu/Projects/codepraise-api-1/app/infrastructure/rubocop/init.rb": [
        null,
        null,
        1,
        3,
        null
      ],
      "/home/vicxu/Projects/codepraise-api-1/app/infrastructure/rubocop/reporter.rb": [
        null,
        null,
        1,
        null,
        1,
        1,
        null,
        null,
        1,
        1,
        1,
        null,
        null,
        null,
        null,
        null,
        1,
        109,
        91,
        null,
        null,
        null,
        1,
        null,
        1,
        1,
        null,
        null,
        null,
        null
      ],
      "/home/vicxu/Projects/codepraise-api-1/app/infrastructure/rubocop/command.rb": [
        null,
        null,
        1,
        1,
        null,
        1,
        1,
        null,
        null,
        null,
        1,
        null,
        1,
        1,
        1,
        1,
        1,
        null,
        null,
        1,
        1,
        1,
        null,
        null,
        1,
        1,
        1,
        null,
        null,
        1,
        1,
        1,
        null,
        null,
        1,
        0,
        0,
        null,
        null,
        1,
        1,
        null,
        null,
        1,
        null,
        1,
        1,
        null,
        null,
        null,
        null
      ],
      "/home/vicxu/Projects/codepraise-api-1/app/infrastructure/simplecov/init.rb": [
        null,
        null,
        1,
        2,
        null
      ],
      "/home/vicxu/Projects/codepraise-api-1/app/infrastructure/simplecov/test_coverage.rb": [
        null,
        null,
        1,
        null,
        1,
        1,
        null,
        1,
        1,
        null,
        1,
        2,
        2,
        null,
        null,
        1,
        109,
        null,
        null,
        null,
        null,
        null,
        null,
        null,
        1,
        0,
        null,
        0,
        null,
        null,
        1,
        null,
        1,
        109,
        0,
        null,
        0,
        null,
        0,
        null,
        null,
        1,
        109,
        0,
        null,
        0,
        null,
        0,
        null,
        null,
        1,
        109,
        null,
        0,
        null,
        null,
        1,
        0,
        null,
        null,
        1,
        0,
        null,
        null,
        1,
        0,
        0,
        null,
        null,
        1,
        109,
        null,
        0,
        null,
        null,
        null,
        1,
        0,
        0,
        0,
        0,
        0,
        0,
        0,
        null,
        0,
        null,
        null,
        1,
        0,
        null,
        0,
        null,
        0,
        null,
        0,
        0,
        null,
        null,
        null,
        null
      ],
      "/home/vicxu/Projects/codepraise-api-1/app/domain/init.rb": [
        null,
        null,
        1,
        1,
        1,
        null
      ],
      "/home/vicxu/Projects/codepraise-api-1/app/domain/models/init.rb": [
        null,
        null,
        1,
        1,
        2,
        null
      ],
      "/home/vicxu/Projects/codepraise-api-1/app/domain/models/projects/init.rb": [
        null,
        null,
        1,
        1,
        3,
        null
      ],
      "/home/vicxu/Projects/codepraise-api-1/app/domain/models/projects/entities/init.rb": [
        null,
        null,
        1,
        3,
        null
      ],
      "/home/vicxu/Projects/codepraise-api-1/app/domain/models/projects/entities/project.rb": [
        null,
        null,
        1,
        1,
        1,
        null,
        1,
        1,
        null,
        1,
        1,
        null,
        1,
        1,
        1,
        1,
        1,
        1,
        1,
        1,
        null,
        1,
        0,
        null,
        null,
        1,
        0,
        null,
        null,
        null,
        null
      ],
      "/home/vicxu/Projects/codepraise-api-1/app/domain/models/projects/entities/member.rb": [
        null,
        null,
        1,
        1,
        null,
        1,
        1,
        null,
        1,
        1,
        null,
        1,
        1,
        1,
        1,
        null,
        1,
        0,
        null,
        null,
        null,
        null
      ],
      "/home/vicxu/Projects/codepraise-api-1/app/domain/models/projects/repositories/init.rb": [
        null,
        null,
        1,
        4,
        null
      ],
      "/home/vicxu/Projects/codepraise-api-1/app/domain/models/projects/repositories/projects.rb": [
        null,
        null,
        1,
        null,
        1,
        1,
        null,
        1,
        1,
        0,
        null,
        null,
        1,
        null,
        null,
        null,
        null,
        null,
        0,
        null,
        null,
        null,
        null,
        0,
        null,
        null,
        1,
        null,
        0,
        0,
        0,
        null,
        null,
        1,
        0,
        null,
        null,
        1,
        0,
        0,
        null,
        null,
        1,
        0,
        0,
        null,
        null,
        1,
        0,
        null,
        null,
        1,
        0,
        null,
        0,
        0,
        null,
        null,
        1,
        0,
        null,
        0,
        null,
        null,
        null,
        null,
        null,
        null,
        null,
        null,
        1,
        1,
        0,
        null,
        null,
        1,
        0,
        null,
        null,
        1,
        0,
        null,
        0,
        0,
        null,
        0,
        0,
        null,
        null,
        null,
        null,
        null,
        null,
        null
      ],
      "/home/vicxu/Projects/codepraise-api-1/app/domain/models/projects/repositories/members.rb": [
        null,
        null,
        1,
        1,
        null,
        1,
        1,
        0,
        null,
        null,
        1,
        0,
        null,
        null,
        1,
        0,
        null,
        0,
        null,
        null,
        null,
        null,
        null,
        null,
        null,
        1,
        0,
        0,
        null,
        null,
        null,
        1,
        0,
        null,
        null,
        null,
        null
      ],
      "/home/vicxu/Projects/codepraise-api-1/app/domain/models/projects/repositories/for.rb": [
        null,
        null,
        1,
        1,
        null,
        1,
        1,
        null,
        1,
        1,
        null,
        null,
        null,
        null,
        1,
        0,
        null,
        null,
        1,
        0,
        null,
        null,
        null,
        null
      ],
      "/home/vicxu/Projects/codepraise-api-1/app/domain/models/projects/mappers/init.rb": [
        null,
        null,
        1,
        3,
        null
      ],
      "/home/vicxu/Projects/codepraise-api-1/app/domain/models/projects/mappers/member_mapper.rb": [
        null,
        null,
        1,
        null,
        1,
        null,
        1,
        1,
        0,
        0,
        0,
        null,
        null,
        1,
        0,
        0,
        null,
        null,
        null,
        1,
        0,
        null,
        null,
        null,
        1,
        1,
        0,
        null,
        null,
        1,
        0,
        null,
        null,
        null,
        null,
        null,
        null,
        null,
        1,
        null,
        1,
        0,
        null,
        null,
        1,
        0,
        null,
        null,
        1,
        0,
        null,
        null,
        null,
        null,
        null
      ],
      "/home/vicxu/Projects/codepraise-api-1/app/domain/models/projects/mappers/project_mapper.rb": [
        null,
        null,
        1,
        null,
        1,
        1,
        null,
        1,
        1,
        0,
        0,
        0,
        null,
        null,
        1,
        0,
        0,
        null,
        null,
        1,
        0,
        null,
        null,
        null,
        1,
        1,
        0,
        0,
        null,
        null,
        null,
        null,
        1,
        0,
        null,
        null,
        null,
        null,
        null,
        null,
        null,
        null,
        null,
        null,
        null,
        1,
        0,
        null,
        null,
        1,
        0,
        null,
        null,
        1,
        0,
        null,
        null,
        1,
        0,
        null,
        null,
        1,
        0,
        null,
        null,
        1,
        0,
        null,
        null,
        1,
        0,
        null,
        null,
        null,
        null,
        null
      ],
      "/home/vicxu/Projects/codepraise-api-1/app/domain/models/contributions/init.rb": [
        null,
        null,
        1,
        1,
        5,
        null
      ],
      "/home/vicxu/Projects/codepraise-api-1/app/domain/models/contributions/lib/init.rb": [
        null,
        null,
        1,
        3,
        null
      ],
      "/home/vicxu/Projects/codepraise-api-1/app/domain/models/contributions/lib/types.rb": [
        null,
        null,
        1,
        1,
        null,
        1,
        1,
        125,
        null,
        null,
        null,
        null,
        1,
        1,
        0,
        null,
        null,
        null,
        null
      ],
      "/home/vicxu/Projects/codepraise-api-1/app/domain/models/contributions/lib/contributions_calculator.rb": [
        null,
        null,
        1,
        1,
        null,
        1,
        1,
        0,
        0,
        null,
        0,
        null,
        0,
        null,
        0,
        null,
        null,
        null,
        1,
        0,
        null,
        null,
        1,
        0,
        null,
        null,
        1,
        0,
        null,
        null,
        1,
        0,
        null,
        null,
        1,
        0,
        null,
        null,
        1,
        0,
        null,
        null,
        1,
        null,
        1,
        0,
        null,
        null,
        null,
        null
      ],
      "/home/vicxu/Projects/codepraise-api-1/app/domain/models/contributions/values/init.rb": [
        null,
        null,
        1,
        6,
        null
      ],
      "/home/vicxu/Projects/codepraise-api-1/app/domain/models/contributions/values/credit_share.rb": [
        null,
        null,
        1,
        1,
        1,
        null,
        1,
        1,
        null,
        1,
        null,
        1,
        null,
        null,
        null,
        null,
        null,
        null,
        null,
        1,
        1,
        null,
        null,
        null,
        null,
        1,
        0,
        0,
        null,
        null,
        null,
        null,
        0,
        null,
        null,
        0,
        0,
        null,
        null,
        1,
        0,
        0,
        null,
        null,
        null,
        1,
        0,
        0,
        0,
        null,
        0,
        0,
        null,
        null,
        1,
        0,
        0,
        0,
        null,
        0,
        null,
        null,
        1,
        2,
        null,
        null,
        1,
        0,
        null,
        null,
        1,
        0,
        null,
        null,
        1,
        0,
        null,
        0,
        0,
        null,
        null,
        null,
        null,
        null,
        0,
        null,
        null,
        1,
        0,
        null,
        null,
        1,
        0,
        null,
        null,
        null,
        1,
        0,
        null,
        null,
        1,
        0,
        null,
        null,
        1,
        0,
        null,
        null,
        1,
        0,
        null,
        null,
        1,
        null,
        1,
        0,
        null,
        null,
        null,
        null,
        1,
        null,
        1,
        0,
        0,
        null,
        null,
        null,
        1,
        null,
        0,
        0,
        null,
        null,
        null,
        1,
        0,
        null,
        null,
        1,
        0,
        0,
        null,
        null,
        null,
        null,
        null,
        null,
        1,
        0,
        null,
        0,
        null,
        0,
        null,
        0,
        null,
        0,
        null,
        0,
        0,
        0,
        null,
        null,
        null,
        null,
        null,
        null,
        null
      ],
      "/home/vicxu/Projects/codepraise-api-1/app/domain/models/contributions/values/quality_credit.rb": [
        null,
        null,
        1,
        1,
        1,
        1,
        null,
        null,
        null,
        null,
        null,
        null,
        null,
        1,
        null,
        null,
        1,
        0,
        0,
        0,
        0,
        0,
        0,
        null,
        null,
        1,
        0,
        0,
        0,
        null,
        0,
        null,
        null,
        1,
        0,
        0,
        0,
        null,
        null,
        null,
        1,
        4,
        null,
        null,
        1,
        0,
        null,
        null,
        1,
        null,
        1,
        0,
        0,
        0,
        0,
        null,
        null,
        null,
        null,
        1,
        0,
        0,
        0,
        null,
        null,
        null,
        null,
        1,
        0,
        0,
        0,
        0,
        null,
        null,
        null,
        null,
        1,
        0,
        0,
        0,
        null,
        null,
        null,
        null,
        1,
        null,
        null,
        null,
        null
      ],
      "/home/vicxu/Projects/codepraise-api-1/app/domain/models/contributions/values/productivity_credit.rb": [
        null,
        null,
        1,
        1,
        1,
        1,
        null,
        1,
        273,
        273,
        273,
        273,
        null,
        null,
        1,
        0,
        0,
        0,
        null,
        0,
        null,
        null,
        1,
        273,
        273,
        546,
        null,
        null,
        null,
        1,
        2459,
        null,
        null,
        1,
        0,
        null,
        null,
        1,
        819,
        819,
        819,
        null,
        null,
        null,
        1,
        null,
        1,
        273,
        1930,
        null,
        null,
        null,
        1,
        0,
        0,
        0,
        0,
        null,
        null,
        null,
        null,
        1,
        null,
        null,
        null
      ],
      "/home/vicxu/Projects/codepraise-api-1/app/domain/models/contributions/values/ownership_credit.rb": [
        null,
        null,
        1,
        1,
        1,
        1,
        null,
        null,
        null,
        null,
        null,
        null,
        null,
        null,
        1,
        0,
        null,
        null,
        1,
        0,
        null,
        null,
        1,
        null,
        1,
        0,
        0,
        0,
        null,
        0,
        null,
        0,
        null,
        null,
        null,
        1,
        0,
        0,
        0,
        null,
        null,
        null,
        null,
        1,
        0,
        0,
        null,
        null,
        null,
        1,
        0,
        null,
        null,
        1,
        0,
        0,
        0,
        0,
        null,
        0,
        null,
        null,
        1,
        0,
        0,
        null,
        0,
        0,
        0,
        null,
        null,
        0,
        null,
        null,
        1,
        0,
        0,
        null,
        null,
        1,
        0,
        null,
        0,
        null,
        0,
        null,
        0,
        null,
        0,
        null,
        0,
        0,
        0,
        null,
        0,
        null,
        null,
        null,
        null,
        null,
        null
      ],
      "/home/vicxu/Projects/codepraise-api-1/app/domain/models/contributions/values/file_path.rb": [
        null,
        null,
        1,
        1,
        null,
        1,
        null,
        1,
        null,
        1,
        null,
        1,
        329,
        329,
        null,
        null,
        1,
        null,
        383,
        null,
        383,
        383,
        null,
        null,
        1,
        null,
        1,
        329,
        null,
        329,
        329,
        329,
        null,
        null,
        null,
        null,
        null
      ],
      "/home/vicxu/Projects/codepraise-api-1/app/domain/models/contributions/entities/init.rb": [
        null,
        null,
        1,
        1,
        2,
        null
      ],
      "/home/vicxu/Projects/codepraise-api-1/app/domain/models/contributions/entities/children/init.rb": [
        null,
        null,
        1,
        13,
        null
      ],
      "/home/vicxu/Projects/codepraise-api-1/app/domain/models/contributions/entities/children/method_contribution.rb": [
        null,
        null,
        1,
        1,
        1,
        null,
        1,
        1,
        null,
        1,
        1,
        null,
        1,
        1,
        1,
        1,
        null,
        1,
        0,
        null,
        null,
        1,
        819,
        null,
        null,
        1,
        null,
        1,
        819,
        null,
        null,
        null,
        null
      ],
      "/home/vicxu/Projects/codepraise-api-1/app/domain/models/contributions/entities/children/line_contribution.rb": [
        null,
        null,
        1,
        1,
        1,
        null,
        1,
        1,
        null,
        1,
        1,
        1,
        1,
        1,
        1,
        1,
        null,
        1,
        null,
        1,
        1,
        1,
        1,
        null,
        1,
        1930,
        null,
        null,
        1,
        1930,
        null,
        null,
        null,
        null
      ],
      "/home/vicxu/Projects/codepraise-api-1/app/domain/models/contributions/entities/children/contributor.rb": [
        null,
        null,
        1,
        1,
        null,
        1,
        1,
        null,
        1,
        1,
        null,
        1,
        1,
        null,
        null,
        1,
        20127,
        null,
        null,
        1,
        6375,
        null,
        null,
        null,
        1,
        null,
        1,
        11886,
        null,
        null,
        null,
        null
      ],
      "/home/vicxu/Projects/codepraise-api-1/app/domain/models/contributions/entities/children/idiomaticity.rb": [
        null,
        null,
        1,
        1,
        1,
        null,
        1,
        1,
        1,
        1,
        null,
        1,
        1,
        null,
        1,
        0,
        null,
        null,
        1,
        0,
        null,
        0,
        null,
        0,
        null,
        0,
        null,
        0,
        null,
        0,
        0,
        0,
        null,
        null,
        null,
        null,
        null
      ],
      "/home/vicxu/Projects/codepraise-api-1/app/domain/models/contributions/entities/children/offense.rb": [
        null,
        null,
        1,
        1,
        null,
        1,
        1,
        1,
        1,
        null,
        1,
        1,
        1,
        1,
        1,
        null,
        null,
        null
      ],
      "/home/vicxu/Projects/codepraise-api-1/app/domain/models/contributions/entities/children/method_complexity.rb": [
        null,
        null,
        1,
        1,
        null,
        1,
        1,
        null,
        1,
        1,
        null,
        1,
        1,
        1,
        null,
        1,
        0,
        null,
        0,
        null,
        0,
        null,
        0,
        null,
        0,
        null,
        0,
        0,
        0,
        null,
        null,
        null,
        null,
        null
      ],
      "/home/vicxu/Projects/codepraise-api-1/app/domain/models/contributions/entities/children/file_change.rb": [
        null,
        null,
        1,
        1,
        null,
        null,
        1,
        1,
        null,
        1,
        1,
        null,
        1,
        1,
        1,
        1,
        null,
        null,
        null,
        null
      ],
      "/home/vicxu/Projects/codepraise-api-1/app/domain/models/contributions/entities/children/test_coverage.rb": [
        null,
        null,
        1,
        1,
        null,
        1,
        1,
        1,
        1,
        null,
        1,
        1,
        1,
        1,
        null,
        1,
        0,
        null,
        null,
        null,
        null
      ],
      "/home/vicxu/Projects/codepraise-api-1/app/domain/models/contributions/entities/children/comment.rb": [
        null,
        null,
        1,
        1,
        1,
        null,
        1,
        1,
        1,
        1,
        1,
        null,
        1,
        1,
        null,
        1,
        0,
        0,
        null,
        0,
        null,
        null,
        null,
        1,
        0,
        0,
        0,
        null,
        null,
        null,
        null,
        null
      ],
      "/home/vicxu/Projects/codepraise-api-1/app/domain/models/contributions/entities/children/file_contributions.rb": [
        null,
        null,
        1,
        1,
        null,
        1,
        1,
        null,
        1,
        1,
        1,
        1,
        null,
        1,
        null,
        null,
        1,
        111,
        111,
        111,
        111,
        111,
        111,
        111,
        111,
        111,
        null,
        null,
        1,
        0,
        null,
        0,
        null,
        null,
        1,
        0,
        null,
        null,
        1,
        0,
        null,
        null,
        1,
        0,
        null,
        0,
        null,
        null,
        1,
        0,
        null,
        null,
        1,
        null,
        1,
        0,
        null,
        null,
        1,
        0,
        null,
        null,
        1,
        0,
        null,
        null,
        null,
        null
      ],
      "/home/vicxu/Projects/codepraise-api-1/app/domain/models/contributions/entities/children/test_case.rb": [
        null,
        null,
        1,
        1,
        1,
        null,
        1,
        1,
        1,
        1,
        null,
        1,
        1,
        1,
        null,
        1,
        null,
        0,
        0,
        null,
        null,
        1,
        0,
        0,
        0,
        null,
        null,
        null,
        1,
        0,
        null,
        0,
        0,
        null,
        0,
        null,
        null,
        null,
        1,
        0,
        null,
        null,
        1,
        null,
        1,
        0,
        null,
        null,
        null,
        null
      ],
      "/home/vicxu/Projects/codepraise-api-1/app/domain/models/contributions/entities/children/complexity.rb": [
        null,
        null,
        1,
        1,
        1,
        null,
        1,
        1,
        null,
        1,
        1,
        null,
        1,
        1,
        null,
        1,
        0,
        null,
        0,
        null,
        0,
        null,
        0,
        null,
        0,
        null,
        0,
        0,
        0,
        null,
        0,
        null,
        null,
        null,
        null,
        null
      ],
      "/home/vicxu/Projects/codepraise-api-1/app/domain/models/contributions/entities/root/init.rb": [
        null,
        null,
        1,
        4,
        null
      ],
      "/home/vicxu/Projects/codepraise-api-1/app/domain/models/contributions/entities/root/appraisal.rb": [
        null,
        null,
        1,
        1,
        1,
        1,
        null,
        1,
        1,
        1,
        1,
        1,
        1,
        1,
        1,
        null,
        1,
        0,
        null,
        null,
        1,
        0,
        null,
        null,
        null,
        null
      ],
      "/home/vicxu/Projects/codepraise-api-1/app/domain/models/contributions/entities/root/commit.rb": [
        null,
        null,
        1,
        1,
        1,
        null,
        1,
        1,
        null,
        1,
        1,
        null,
        1,
        1,
        1,
        1,
        null,
        1,
        1,
        1,
        1,
        1,
        1,
        null,
        1,
        0,
        null,
        null,
        1,
        0,
        null,
        null,
        1,
        0,
        null,
        null,
        1,
        0,
        null,
        null,
        1,
        0,
        null,
        null,
        1,
        0,
        null,
        null,
        1,
        null,
        1,
        0,
        null,
        null,
        1,
        0,
        0,
        null,
        null,
        null,
        null,
        null
      ],
      "/home/vicxu/Projects/codepraise-api-1/app/domain/models/contributions/entities/root/folder_contributions.rb": [
        null,
        null,
        1,
        1,
        null,
        1,
        1,
        null,
        1,
        null,
        1,
        42,
        42,
        42,
        42,
        null,
        153,
        83,
        null,
        null,
        1,
        0,
        null,
        null,
        1,
        0,
        null,
        null,
        1,
        0,
        null,
        null,
        1,
        0,
        null,
        0,
        null,
        0,
        0,
        null,
        0,
        null,
        0,
        null,
        null,
        1,
        0,
        null,
        0,
        null,
        0,
        null,
        null,
        1,
        84,
        494,
        null,
        null,
        null,
        1,
        42,
        null,
        42,
        null,
        383,
        383,
        null,
        null,
        42,
        41,
        null,
        null,
        null,
        1,
        0,
        null,
        null,
        1,
        0,
        null,
        null,
        1,
        0,
        null,
        0,
        0,
        0,
        null,
        null,
        1,
        0,
        null,
        null,
        1,
        null,
        1,
        877,
        null,
        null,
        1,
        42,
        null,
        null,
        null,
        null
      ],
      "/home/vicxu/Projects/codepraise-api-1/app/domain/models/contributions/repositories/init.rb": [
        null,
        null,
        1,
        4,
        null
      ],
      "/home/vicxu/Projects/codepraise-api-1/app/domain/models/contributions/repositories/repo_store.rb": [
        null,
        null,
        1,
        1,
        null,
        1,
        1,
        0,
        null,
        null,
        1,
        0,
        null,
        null,
        null,
        null
      ],
      "/home/vicxu/Projects/codepraise-api-1/app/domain/models/contributions/repositories/git_repo.rb": [
        null,
        null,
        1,
        null,
        1,
        1,
        null,
        1,
        1,
        1,
        1,
        null,
        null,
        1,
        1,
        1,
        1,
        null,
        null,
        1,
        0,
        null,
        null,
        1,
        4,
        4,
        null,
        0,
        0,
        null,
        null,
        null,
        null,
        1,
        0,
        null,
        null,
        1,
        0,
        null,
        null,
        1,
        5,
        null,
        null,
        1,
        0,
        0,
        null,
        0,
        null,
        null,
        null
      ],
      "/home/vicxu/Projects/codepraise-api-1/app/domain/models/contributions/repositories/appraisal.rb": [
        null,
        null,
        1,
        null,
        1,
        1,
        1,
        1,
        0,
        null,
        0,
        null,
        0,
        null,
        null,
        1,
        0,
        null,
        0,
        null,
        0,
        null,
        null,
        1,
        0,
        null,
        null,
        0,
        null,
        0,
        0,
        0,
        0,
        0,
        null,
        null,
        1,
        0,
        null,
        0,
        null,
        0,
        0,
        0,
        null,
        0,
        null,
        null,
        1,
        0,
        null,
        0,
        null,
        null,
        null,
        null,
        null,
        null,
        null,
        null,
        null,
        null,
        null,
        null,
        null
      ],
      "/home/vicxu/Projects/codepraise-api-1/app/domain/models/contributions/mappers/init.rb": [
        null,
        null,
        1,
        16,
        null
      ],
      "/home/vicxu/Projects/codepraise-api-1/app/domain/models/contributions/mappers/test_cases.rb": [
        null,
        null,
        1,
        null,
        1,
        1,
        null,
        1,
        1,
        14,
        null,
        null,
        1,
        14,
        32,
        null,
        null,
        null,
        null,
        null,
        null,
        null,
        1,
        null,
        1,
        14,
        null,
        null,
        1,
        32,
        null,
        null,
        null,
        null
      ],
      "/home/vicxu/Projects/codepraise-api-1/app/domain/models/contributions/mappers/test_case_parser.rb": [
        null,
        null,
        1,
        1,
        null,
        1,
        1,
        14,
        14,
        14,
        14,
        32,
        null,
        null,
        null,
        null,
        null,
        null,
        null,
        null,
        1,
        619,
        null,
        294,
        32,
        null,
        null,
        587,
        262,
        null,
        null,
        null,
        1,
        1329,
        null,
        677,
        32,
        null,
        645,
        1315,
        null,
        null,
        null,
        null,
        1,
        32,
        null,
        null,
        null,
        null
      ],
      "/home/vicxu/Projects/codepraise-api-1/app/domain/models/contributions/mappers/folder_contributions_mapper.rb": [
        null,
        null,
        1,
        null,
        1,
        1,
        null,
        1,
        1,
        1,
        1,
        null,
        1,
        1,
        1,
        1,
        1,
        1,
        1,
        null,
        null,
        1,
        1,
        null,
        null,
        null,
        null,
        null,
        null,
        1,
        1,
        null,
        null,
        null,
        111,
        null,
        null,
        null,
        null,
        null,
        1,
        0,
        0,
        null,
        null,
        null,
        0,
        0,
        null,
        null,
        1,
        null,
        0,
        0,
        0,
        null,
        null,
        1,
        null,
        1,
        0,
        null,
        null,
        1,
        0,
        0,
        0,
        0,
        0,
        null,
        null,
        null,
        null,
        1,
        0,
        0,
        null,
        null,
        1,
        0,
        0,
        0,
        null,
        null,
        1,
        0,
        0,
        0,
        null,
        null,
        null,
        null
      ],
      "/home/vicxu/Projects/codepraise-api-1/app/domain/models/contributions/mappers/file_contributions_mapper.rb": [
        null,
        null,
        1,
        1,
        null,
        1,
        1,
        111,
        111,
        111,
        111,
        111,
        null,
        null,
        1,
        111,
        null,
        null,
        null,
        null,
        null,
        null,
        null,
        null,
        null,
        null,
        null,
        null,
        1,
        null,
        1,
        63266,
        null,
        null,
        1,
        670,
        null,
        null,
        1,
        111,
        null,
        109,
        null,
        null,
        1,
        111,
        null,
        109,
        null,
        null,
        1,
        111,
        null,
        109,
        null,
        null,
        1,
        220,
        null,
        218,
        null,
        null,
        1,
        111,
        null,
        109,
        null,
        null,
        1,
        111,
        null,
        14,
        null,
        null,
        1,
        670,
        21296,
        null,
        null,
        null,
        null,
        null,
        null,
        null,
        null,
        1,
        218,
        null,
        null,
        1,
        678,
        null,
        null,
        1,
        111,
        null,
        null,
        1,
        null,
        2331,
        111,
        null,
        null,
        1,
        null,
        62826,
        2331,
        null,
        null,
        1,
        21296,
        null,
        null,
        null,
        null,
        null,
        null,
        1,
        21296,
        null,
        null,
        null,
        1,
        21296,
        null,
        null,
        null,
        1,
        21296,
        null,
        null,
        null,
        null
      ],
      "/home/vicxu/Projects/codepraise-api-1/app/domain/models/contributions/mappers/idiomaticity_mapper.rb": [
        null,
        null,
        1,
        1,
        null,
        1,
        1,
        1,
        1,
        null,
        null,
        1,
        109,
        null,
        109,
        null,
        null,
        null,
        null,
        null,
        1,
        null,
        1,
        109,
        null,
        109,
        null,
        89,
        12,
        null,
        null,
        null,
        null,
        null,
        null,
        null,
        null,
        null,
        1,
        12,
        12,
        null,
        12,
        14,
        null,
        null,
        null,
        1,
        12,
        null,
        null,
        1,
        109,
        null,
        7,
        7,
        null,
        null,
        null,
        null
      ],
      "/home/vicxu/Projects/codepraise-api-1/app/domain/models/contributions/mappers/commit_mapper.rb": [
        null,
        null,
        1,
        null,
        1,
        1,
        null,
        1,
        1,
        21,
        21,
        null,
        null,
        1,
        21,
        null,
        null,
        null,
        null,
        null,
        null,
        null,
        null,
        null,
        1,
        null,
        1,
        21,
        null,
        null,
        null,
        null,
        null,
        1,
        21,
        21,
        566,
        null,
        null,
        null,
        null,
        null,
        null,
        null,
        null,
        null,
        1,
        21,
        1,
        null,
        20,
        null,
        null,
        null,
        null,
        null
      ],
      "/home/vicxu/Projects/codepraise-api-1/app/domain/models/contributions/mappers/commit_diff.rb": [
        null,
        null,
        1,
        1,
        null,
        1,
        1,
        21,
        21,
        566,
        null,
        null,
        null,
        null,
        null,
        null,
        null,
        null,
        1,
        566,
        null,
        null,
        null,
        null
      ],
      "/home/vicxu/Projects/codepraise-api-1/app/domain/models/contributions/mappers/test_coverage_mapper.rb": [
        null,
        null,
        1,
        1,
        null,
        null,
        1,
        1,
        1,
        null,
        null,
        1,
        109,
        null,
        109,
        null,
        109,
        null,
        null,
        null,
        null,
        null,
        null,
        null,
        1,
        null,
        1,
        109,
        null,
        null,
        null,
        null
      ],
      "/home/vicxu/Projects/codepraise-api-1/app/domain/models/contributions/mappers/comment_parser.rb": [
        null,
        null,
        1,
        1,
        null,
        1,
        1,
        1,
        null,
        null,
        1,
        109,
        109,
        3407,
        270,
        3137,
        249,
        249,
        null,
        3407,
        null,
        null,
        null,
        1,
        3407,
        null,
        null,
        null,
        null
      ],
      "/home/vicxu/Projects/codepraise-api-1/app/domain/models/contributions/mappers/method_contribution_mapper.rb": [
        null,
        null,
        1,
        1,
        null,
        1,
        1,
        null,
        1,
        218,
        null,
        null,
        1,
        218,
        null,
        218,
        546,
        null,
        null,
        null,
        null,
        null,
        null,
        null,
        null,
        1,
        null,
        1,
        546,
        546,
        546,
        null,
        null,
        1,
        546,
        null,
        546,
        null,
        null,
        1,
        546,
        null,
        null,
        1,
        218,
        null,
        null,
        null,
        null
      ],
      "/home/vicxu/Projects/codepraise-api-1/app/domain/models/contributions/mappers/complexity_mapper.rb": [
        null,
        null,
        1,
        1,
        null,
        1,
        1,
        109,
        109,
        null,
        null,
        1,
        109,
        null,
        109,
        null,
        null,
        null,
        null,
        null,
        1,
        null,
        1,
        327,
        null,
        null,
        1,
        109,
        null,
        null,
        1,
        327,
        819,
        819,
        null,
        819,
        null,
        null,
        null,
        null,
        null,
        1,
        327,
        null,
        327,
        327,
        null,
        327,
        null,
        null,
        null,
        null,
        1,
        1146,
        null,
        null,
        null,
        null,
        null,
        null,
        1,
        327,
        4431,
        null,
        null,
        null,
        1,
        1146,
        null,
        1146,
        null,
        null,
        null,
        null
      ],
      "/home/vicxu/Projects/codepraise-api-1/app/domain/models/contributions/mappers/method_parser.rb": [
        null,
        null,
        1,
        1,
        null,
        1,
        1,
        null,
        1,
        1,
        218,
        218,
        null,
        null,
        1,
        218,
        null,
        null,
        1,
        218,
        218,
        null,
        218,
        546,
        null,
        null,
        null,
        null,
        null,
        1,
        546,
        546,
        546,
        null,
        null,
        1,
        null,
        1,
        546,
        null,
        null,
        1,
        546,
        null,
        null,
        1,
        8258,
        null,
        4140,
        546,
        null,
        3594,
        8040,
        null,
        null,
        null,
        null,
        1,
        null,
        null,
        null
      ],
      "/home/vicxu/Projects/codepraise-api-1/app/domain/models/contributions/mappers/comment_mapper.rb": [
        null,
        null,
        1,
        null,
        1,
        1,
        null,
        1,
        1,
        109,
        null,
        null,
        1,
        109,
        249,
        null,
        null,
        null,
        null,
        null,
        null,
        1,
        null,
        1,
        109,
        null,
        null,
        1,
        249,
        null,
        11279,
        249,
        null,
        null,
        249,
        null,
        null,
        1,
        249,
        null,
        null,
        null,
        null
      ],
      "/home/vicxu/Projects/codepraise-api-1/app/domain/models/contributions/mappers/porcelain_parser.rb": [
        null,
        null,
        1,
        1,
        null,
        1,
        1,
        1,
        null,
        1,
        null,
        3552,
        null,
        null,
        1,
        111,
        111,
        null,
        0,
        0,
        null,
        null,
        1,
        3441,
        3441,
        null,
        null,
        null,
        null,
        3441,
        35086,
        35086,
        null,
        null,
        3441,
        null,
        null,
        1,
        3441,
        3441,
        3441,
        null,
        null,
        1,
        35086,
        null,
        null,
        null,
        null
      ],
      "/home/vicxu/Projects/codepraise-api-1/app/domain/models/contributions/mappers/contributions_mapper.rb": [
        null,
        null,
        1,
        1,
        null,
        1,
        1,
        1,
        null,
        null,
        1,
        1,
        null,
        null,
        null,
        null,
        null,
        1,
        null,
        null,
        1,
        1,
        null,
        1,
        1,
        1,
        1,
        21,
        null,
        null,
        null,
        1,
        null,
        111,
        111,
        111,
        1,
        null,
        null,
        null,
        null
      ],
      "/home/vicxu/Projects/codepraise-api-1/app/application/init.rb": [
        null,
        null,
        1,
        1,
        3,
        null
      ],
      "/home/vicxu/Projects/codepraise-api-1/app/application/values/init.rb": [
        null,
        null,
        1,
        8,
        null
      ],
      "/home/vicxu/Projects/codepraise-api-1/app/application/values/list_request.rb": [
        null,
        null,
        1,
        1,
        1,
        null,
        1,
        1,
        null,
        1,
        1,
        null,
        1,
        0,
        null,
        null,
        null,
        1,
        0,
        0,
        null,
        0,
        null,
        null,
        null,
        null,
        1,
        0,
        null,
        null,
        null,
        1,
        0,
        null,
        null,
        null,
        null
      ],
      "/home/vicxu/Projects/codepraise-api-1/app/application/values/projects_list.rb": [
        null,
        null,
        1,
        1,
        null,
        1,
        1,
        null,
        1,
        null,
        null
      ],
      "/home/vicxu/Projects/codepraise-api-1/app/application/values/openstruct_with_links.rb": [
        null,
        null,
        1,
        1,
        null,
        1,
        1,
        null,
        null,
        null
      ],
      "/home/vicxu/Projects/codepraise-api-1/app/application/values/project_folder_contributions.rb": [
        null,
        null,
        1,
        1,
        null,
        1,
        null,
        null
      ],
      "/home/vicxu/Projects/codepraise-api-1/app/application/values/clone_request.rb": [
        null,
        null,
        1,
        1,
        1,
        null,
        null
      ],
      "/home/vicxu/Projects/codepraise-api-1/app/application/values/project_request_path.rb": [
        null,
        null,
        1,
        1,
        null,
        1,
        1,
        0,
        0,
        0,
        0,
        null,
        null,
        1,
        null,
        1,
        0,
        null,
        null,
        1,
        0,
        null,
        null,
        1,
        0,
        null,
        null,
        null,
        null
      ],
      "/home/vicxu/Projects/codepraise-api-1/app/application/values/result.rb": [
        null,
        null,
        1,
        1,
        null,
        1,
        1,
        null,
        null,
        null,
        1,
        null,
        null,
        null,
        null,
        1,
        null,
        1,
        0,
        null,
        0,
        null,
        null,
        null,
        null
      ],
      "/home/vicxu/Projects/codepraise-api-1/app/application/services/init.rb": [
        null,
        null,
        1,
        5,
        null
      ],
      "/home/vicxu/Projects/codepraise-api-1/app/application/services/list_projects.rb": [
        null,
        null,
        1,
        null,
        1,
        1,
        null,
        1,
        1,
        null,
        1,
        1,
        null,
        1,
        null,
        null,
        1,
        0,
        0,
        0,
        null,
        0,
        null,
        null,
        null,
        1,
        null,
        0,
        0,
        0,
        null,
        null,
        0,
        null,
        null,
        null,
        null,
        null
      ],
      "/home/vicxu/Projects/codepraise-api-1/app/application/services/appraise_project.rb": [
        null,
        null,
        1,
        null,
        1,
        1,
        null,
        1,
        1,
        null,
        1,
        1,
        1,
        1,
        null,
        1,
        null,
        1,
        1,
        1,
        1,
        null,
        null,
        1,
        0,
        null,
        null,
        0,
        0,
        null,
        0,
        null,
        null,
        0,
        null,
        null,
        1,
        0,
        0,
        0,
        null,
        0,
        0,
        null,
        null,
        0,
        null,
        null,
        null,
        1,
        0,
        0,
        0,
        null,
        0,
        null,
        null,
        null,
        1,
        0,
        0,
        null,
        null,
        null,
        null,
        0,
        0,
        null,
        null,
        null,
        null,
        1,
        null,
        null,
        0,
        0,
        null,
        null,
        1,
        0,
        null,
        0,
        0,
        null,
        0,
        null,
        null,
        null,
        null,
        null,
        null
      ],
      "/home/vicxu/Projects/codepraise-api-1/app/application/services/add_project.rb": [
        null,
        null,
        1,
        null,
        1,
        1,
        null,
        1,
        1,
        null,
        1,
        1,
        null,
        1,
        null,
        1,
        1,
        null,
        null,
        1,
        0,
        0,
        null,
        0,
        null,
        0,
        null,
        0,
        null,
        null,
        null,
        1,
        0,
        0,
        null,
        0,
        0,
        0,
        null,
        null,
        0,
        0,
        null,
        null,
        null,
        null,
        1,
        null,
        null,
        0,
        null,
        0,
        null,
        null,
        1,
        null,
        0,
        null,
        null,
        null,
        null
      ],
      "/home/vicxu/Projects/codepraise-api-1/app/application/services/update_appraisal.rb": [
        null,
        null,
        1,
        null,
        1,
        1,
        null,
        1,
        1,
        null,
        1,
        1,
        1,
        1,
        1,
        null,
        1,
        null,
        1,
        1,
        1,
        1,
        1,
        1,
        null,
        null,
        1,
        0,
        null,
        null,
        0,
        0,
        null,
        0,
        null,
        null,
        0,
        null,
        null,
        1,
        0,
        0,
        0,
        0,
        0,
        null,
        0,
        null,
        null,
        null,
        null,
        null,
        1,
        0,
        0,
        0,
        null,
        0,
        null,
        null,
        null,
        1,
        0,
        null,
        0,
        0,
        null,
        null,
        null,
        null,
        0,
        0,
        null,
        null,
        1,
        0,
        0,
        0,
        null,
        null,
        0,
        0,
        0,
        null,
        null,
        0,
        null,
        null,
        1,
        0,
        0,
        0,
        null,
        0,
        0,
        null,
        null,
        null,
        null,
        null,
        1,
        0,
        null,
        0,
        null,
        null,
        1,
        null,
        0,
        0,
        null,
        null,
        1,
        0,
        null,
        0,
        0,
        null,
        0,
        null,
        null,
        null,
        null,
        null,
        null
      ],
      "/home/vicxu/Projects/codepraise-api-1/app/application/controllers/init.rb": [
        null,
        null,
        1,
        2,
        null
      ],
      "/home/vicxu/Projects/codepraise-api-1/app/application/controllers/api.rb": [
        null,
        null,
        1,
        1,
        null,
        1,
        null,
        1,
        1,
        null,
        1,
        1,
        1,
        1,
        null,
        1,
        0,
        null,
        null,
        0,
        0,
        null,
        0,
        null,
        null,
        null,
        0,
        0,
        null,
        null,
        0,
        0,
        0,
        null,
        0,
        null,
        null,
        0,
        null,
        0,
        null,
        null,
        null,
        0,
        null,
        null,
        null,
        null,
        null,
        0,
        null,
        null,
        null,
        0,
        0,
        null,
        null,
        null,
        0,
        null,
        null,
        0,
        0,
        null,
        0,
        null,
        null,
        null,
        0,
        null,
        null,
        null,
        null,
        null,
        0,
        null,
        null,
        null,
        0,
        null,
        0,
        0,
        null,
        null,
        null,
        0,
        null,
        null,
        null,
        null,
        null,
        null,
        null
      ],
      "/home/vicxu/Projects/codepraise-api-1/app/application/controllers/lib/init.rb": [
        null,
        null,
        1,
        3,
        null
      ],
      "/home/vicxu/Projects/codepraise-api-1/app/application/controllers/lib/environment.rb": [
        null,
        null,
        1,
        null,
        1,
        1,
        0,
        null,
        null,
        1,
        0,
        null,
        null,
        null
      ],
      "/home/vicxu/Projects/codepraise-api-1/app/application/controllers/lib/cache_control.rb": [
        null,
        null,
        1,
        1,
        null,
        1,
        1,
        1,
        1,
        null,
        1,
        0,
        0,
        null,
        null,
        1,
        0,
        0,
        null,
        null,
        1,
        0,
        null,
        null,
        null,
        null
      ],
      "/home/vicxu/Projects/codepraise-api-1/app/presentation/init.rb": [
        null,
        null,
        1,
        1,
        1,
        null
      ],
      "/home/vicxu/Projects/codepraise-api-1/app/presentation/representers/init.rb": [
        null,
        null,
        1,
        25,
        null
      ],
      "/home/vicxu/Projects/codepraise-api-1/app/presentation/representers/appraisal_representer.rb": [
        null,
        null,
        1,
        1,
        null,
        1,
        1,
        null,
        1,
        1,
        null,
        1,
        1,
        1,
        1,
        1,
        1,
        null,
        null,
        null
      ],
      "/home/vicxu/Projects/codepraise-api-1/app/presentation/representers/project_folder_contributions_representer.rb": [
        null,
        null,
        1,
        1,
        null,
        1,
        1,
        1,
        null,
        1,
        1,
        null,
        1,
        1,
        null,
        1,
        1,
        1,
        null,
        null,
        null
      ],
      "/home/vicxu/Projects/codepraise-api-1/app/presentation/representers/folder_contributions_representer.rb": [
        null,
        null,
        1,
        1,
        null,
        1,
        1,
        1,
        1,
        null,
        1,
        1,
        null,
        1,
        1,
        null,
        null,
        1,
        1,
        1,
        null,
        1,
        1,
        null,
        1,
        1,
        1,
        1,
        1,
        null,
        1,
        1,
        null,
        1,
        null,
        1,
        1,
        1,
        null,
        null,
        null
      ],
      "/home/vicxu/Projects/codepraise-api-1/app/presentation/representers/contributor_representer.rb": [
        null,
        null,
        1,
        1,
        null,
        1,
        1,
        null,
        1,
        1,
        null,
        1,
        1,
        1,
        null,
        null,
        null
      ],
      "/home/vicxu/Projects/codepraise-api-1/app/presentation/representers/credit_share_representer.rb": [
        null,
        null,
        1,
        1,
        null,
        1,
        null,
        1,
        1,
        null,
        1,
        1,
        null,
        1,
        1,
        1,
        1,
        null,
        null,
        null,
        null
      ],
      "/home/vicxu/Projects/codepraise-api-1/app/presentation/representers/file_contributions_representer.rb": [
        null,
        null,
        1,
        1,
        null,
        1,
        1,
        1,
        1,
        1,
        1,
        1,
        1,
        1,
        1,
        null,
        1,
        1,
        null,
        1,
        1,
        null,
        null,
        1,
        1,
        null,
        1,
        1,
        1,
        null,
        1,
        1,
        1,
        1,
        1,
        1,
        1,
        1,
        1,
        1,
        null,
        1,
        1,
        null,
        1,
        null,
        null,
        null
      ],
      "/home/vicxu/Projects/codepraise-api-1/app/presentation/representers/file_path_representer.rb": [
        null,
        null,
        1,
        1,
        null,
        1,
        null,
        1,
        1,
        null,
        1,
        1,
        null,
        1,
        1,
        null,
        null,
        null
      ],
      "/home/vicxu/Projects/codepraise-api-1/app/presentation/representers/line_contribution_representer.rb": [
        null,
        null,
        1,
        1,
        null,
        1,
        null,
        1,
        1,
        null,
        1,
        1,
        null,
        1,
        1,
        1,
        1,
        1,
        1,
        null,
        null,
        null
      ],
      "/home/vicxu/Projects/codepraise-api-1/app/presentation/representers/complexity_representer.rb": [
        null,
        null,
        1,
        1,
        null,
        1,
        null,
        1,
        1,
        null,
        1,
        1,
        null,
        1,
        1,
        1,
        null,
        null,
        null,
        null
      ],
      "/home/vicxu/Projects/codepraise-api-1/app/presentation/representers/method_complexity_representer.rb": [
        null,
        null,
        1,
        1,
        null,
        1,
        1,
        null,
        1,
        1,
        null,
        1,
        1,
        1,
        null,
        null,
        null
      ],
      "/home/vicxu/Projects/codepraise-api-1/app/presentation/representers/idiomaticity_representer.rb": [
        null,
        null,
        1,
        1,
        null,
        1,
        null,
        1,
        1,
        null,
        1,
        1,
        null,
        1,
        1,
        1,
        1,
        null,
        null,
        null
      ],
      "/home/vicxu/Projects/codepraise-api-1/app/presentation/representers/offense_representer.rb": [
        null,
        null,
        1,
        1,
        null,
        1,
        1,
        null,
        1,
        1,
        null,
        1,
        1,
        1,
        1,
        1,
        null,
        null,
        null
      ],
      "/home/vicxu/Projects/codepraise-api-1/app/presentation/representers/method_contributions_representer.rb": [
        null,
        null,
        1,
        1,
        null,
        1,
        1,
        null,
        1,
        1,
        null,
        1,
        1,
        null,
        1,
        1,
        1,
        1,
        1,
        null,
        null,
        null
      ],
      "/home/vicxu/Projects/codepraise-api-1/app/presentation/representers/comment_representer.rb": [
        null,
        null,
        1,
        1,
        null,
        null,
        1,
        1,
        null,
        1,
        1,
        null,
        1,
        1,
        1,
        null,
        null,
        null
      ],
      "/home/vicxu/Projects/codepraise-api-1/app/presentation/representers/test_case_representer.rb": [
        null,
        null,
        1,
        1,
        null,
        1,
        1,
        null,
        1,
        1,
        null,
        1,
        1,
        1,
        1,
        1,
        null,
        null,
        null
      ],
      "/home/vicxu/Projects/codepraise-api-1/app/presentation/representers/test_coverage_representer.rb": [
        null,
        null,
        1,
        1,
        null,
        1,
        1,
        null,
        1,
        1,
        null,
        1,
        1,
        1,
        null,
        null,
        null
      ],
      "/home/vicxu/Projects/codepraise-api-1/app/presentation/representers/project_representer.rb": [
        null,
        null,
        1,
        1,
        null,
        1,
        null,
        null,
        1,
        1,
        null,
        1,
        1,
        1,
        1,
        null,
        1,
        1,
        1,
        1,
        1,
        1,
        1,
        1,
        null,
        1,
        0,
        null,
        null,
        1,
        null,
        1,
        0,
        null,
        null,
        1,
        0,
        null,
        null,
        null,
        null
      ],
      "/home/vicxu/Projects/codepraise-api-1/app/presentation/representers/member_representer.rb": [
        null,
        null,
        1,
        1,
        null,
        1,
        1,
        null,
        null,
        null,
        null,
        1,
        1,
        null,
        1,
        1,
        1,
        null,
        null,
        null
      ],
      "/home/vicxu/Projects/codepraise-api-1/app/presentation/representers/commit_representer.rb": [
        null,
        null,
        1,
        1,
        null,
        1,
        1,
        null,
        1,
        1,
        null,
        1,
        1,
        null,
        1,
        1,
        1,
        1,
        1,
        1,
        1,
        1,
        1,
        1,
        1,
        1,
        null,
        null,
        null
      ],
      "/home/vicxu/Projects/codepraise-api-1/app/presentation/representers/file_change_representer.rb": [
        null,
        null,
        1,
        1,
        null,
        1,
        1,
        null,
        1,
        1,
        1,
        1,
        null,
        null,
        null
      ],
      "/home/vicxu/Projects/codepraise-api-1/app/presentation/representers/clone_request_representer.rb": [
        null,
        null,
        1,
        1,
        null,
        1,
        null,
        null,
        1,
        1,
        null,
        1,
        1,
        null,
        1,
        1,
        1,
        null,
        null,
        null
      ],
      "/home/vicxu/Projects/codepraise-api-1/app/presentation/representers/projects_representer.rb": [
        null,
        null,
        1,
        1,
        null,
        1,
        null,
        1,
        1,
        null,
        1,
        1,
        null,
        1,
        null,
        null,
        null,
        null
      ],
      "/home/vicxu/Projects/codepraise-api-1/app/presentation/representers/for.rb": [
        null,
        null,
        1,
        1,
        1,
        1,
        1,
        null,
        1,
        1,
        null,
        1,
        1,
        null,
        null,
        null,
        null,
        null,
        null,
        null,
        null,
        1,
        null,
        1,
        0,
        0,
        0,
        0,
        null,
        null,
        1,
        0,
        null,
        null,
        1,
        0,
        null,
        null,
        1,
        0,
        0,
        null,
        null,
        null,
        null
      ],
      "/home/vicxu/Projects/codepraise-api-1/app/presentation/representers/http_response_representer.rb": [
        null,
        null,
        1,
        1,
        null,
        1,
        1,
        null,
        null,
        null,
        null,
        null,
        1,
        1,
        null,
        1,
        1,
        null,
        1,
        null,
        null,
        null,
        null,
        null,
        null,
        null,
        null,
        null,
        null,
        null,
        null,
        null,
        1,
        0,
        null,
        null,
        null,
        null
      ],
      "/home/vicxu/Projects/codepraise-api-1/spec/factories/init.rb": [
        1,
        1,
        null,
        1,
        2,
        null
      ],
      "/home/vicxu/Projects/codepraise-api-1/spec/factories/member_factory.rb": [
        1,
        1,
        2,
        2,
        2,
        2,
        null,
        null
      ],
      "/home/vicxu/Projects/codepraise-api-1/spec/factories/project_factory.rb": [
        1,
        null,
        1,
        1,
        2,
        2,
        2,
        2,
        2,
        1,
        2,
        null,
        null
      ],
      "/home/vicxu/Projects/codepraise-api-1/spec/helpers/measurement_helper.rb": [
        null,
        null,
        1,
        null,
        1,
        1,
        null,
        1,
        1,
        1,
        1,
        1,
        null,
        null,
        1,
        1,
        1,
        null,
        null,
        1,
        0,
        null,
        null,
        1,
        0,
        null,
        null,
        null,
        null,
        1,
        1,
        null,
        null,
        1,
        1,
        null,
        null,
        1,
        1,
        null,
        null,
        1,
        0,
        null,
        null,
        1,
        0,
        0,
        0,
        null,
        null,
        1,
        0,
        0,
        null,
        null,
        null,
        1,
        0,
        null,
        null,
        1,
        0,
        null,
        null,
        1,
        0,
        null,
        null,
        1,
        0,
        0,
        0,
        null,
        null,
        1,
        0,
        null,
        null,
        1,
        0,
        null,
        0,
        0,
        null,
        null,
        1,
        null,
        1,
        0,
        0,
        null,
        null,
        null
      ],
      "/home/vicxu/Projects/codepraise-api-1/spec/helpers/database_helper.rb": [
        null,
        null,
        1,
        null,
        null,
        1,
        1,
        1,
        1,
        1,
        null,
        null,
        1,
        2,
        2,
        2,
        2,
        null,
        null
      ]
    },
    "timestamp": 1561270295
  },
  "MiniTest": {
    "coverage": {
      "/home/vicxu/Projects/codepraise-api-1/spec/factories/init.rb": [
        1,
        1,
        null,
        1,
        2,
        null
      ],
      "/home/vicxu/Projects/codepraise-api-1/spec/factories/member_factory.rb": [
        1,
        1,
        1,
        1,
        1,
        1,
        null,
        null
      ],
      "/home/vicxu/Projects/codepraise-api-1/spec/factories/project_factory.rb": [
        1,
        null,
        1,
        1,
        1,
        1,
        1,
        1,
        1,
        1,
        1,
        null,
        1,
        1,
        0,
        0,
        null,
        null,
        null,
        null
      ]
    },
    "timestamp": 1554182303
  }
}
